ERROR - 2024-08-09 23:18:55 --> Error connecting to the database: mysqli_sql_exception: Access denied for user 'dev'@'localhost' (using password: YES) in D:\Materi Kuliah\Smester 6\Pemrograman framework\koperasi-main\vendor\codeigniter4\framework\system\Database\MySQLi\Connection.php:186
Stack trace:
#0 D:\Materi Kuliah\Smester 6\Pemrograman framework\koperasi-main\vendor\codeigniter4\framework\system\Database\MySQLi\Connection.php(186): mysqli->real_connect('localhost', 'dev', Object(SensitiveParameterValue), 'koperasi', 3306, '', 0)
#1 D:\Materi Kuliah\Smester 6\Pemrograman framework\koperasi-main\vendor\codeigniter4\framework\system\Database\BaseConnection.php(421): CodeIgniter\Database\MySQLi\Connection->connect(false)
#2 D:\Materi Kuliah\Smester 6\Pemrograman framework\koperasi-main\vendor\codeigniter4\framework\system\Database\BaseConnection.php(616): CodeIgniter\Database\BaseConnection->initialize()
#3 D:\Materi Kuliah\Smester 6\Pemrograman framework\koperasi-main\vendor\codeigniter4\framework\system\Database\BaseBuilder.php(1644): CodeIgniter\Database\BaseConnection->query('SELECT *\nFROM `...', Array, false)
#4 D:\Materi Kuliah\Smester 6\Pemrograman framework\koperasi-main\vendor\codeigniter4\framework\system\Model.php(286): CodeIgniter\Database\BaseBuilder->get()
#5 D:\Materi Kuliah\Smester 6\Pemrograman framework\koperasi-main\vendor\codeigniter4\framework\system\BaseModel.php(676): CodeIgniter\Model->doFindAll(0, 0)
#6 D:\Materi Kuliah\Smester 6\Pemrograman framework\koperasi-main\app\Controllers\User.php(20): CodeIgniter\BaseModel->findAll()
#7 D:\Materi Kuliah\Smester 6\Pemrograman framework\koperasi-main\vendor\codeigniter4\framework\system\CodeIgniter.php(933): App\Controllers\User->index()
#8 D:\Materi Kuliah\Smester 6\Pemrograman framework\koperasi-main\vendor\codeigniter4\framework\system\CodeIgniter.php(509): CodeIgniter\CodeIgniter->runController(Object(App\Controllers\User))
#9 D:\Materi Kuliah\Smester 6\Pemrograman framework\koperasi-main\vendor\codeigniter4\framework\system\CodeIgniter.php(355): CodeIgniter\CodeIgniter->handleRequest(NULL, Object(Config\Cache), false)
#10 D:\Materi Kuliah\Smester 6\Pemrograman framework\koperasi-main\vendor\codeigniter4\framework\system\Boot.php(325): CodeIgniter\CodeIgniter->run()
#11 D:\Materi Kuliah\Smester 6\Pemrograman framework\koperasi-main\vendor\codeigniter4\framework\system\Boot.php(67): CodeIgniter\Boot::runCodeIgniter(Object(CodeIgniter\CodeIgniter))
#12 D:\Materi Kuliah\Smester 6\Pemrograman framework\koperasi-main\public\index.php(56): CodeIgniter\Boot::bootWeb(Object(Config\Paths))
#13 D:\Materi Kuliah\Smester 6\Pemrograman framework\koperasi-main\vendor\codeigniter4\framework\system\rewrite.php(44): require_once('D:\\Materi Kulia...')
#14 {main}

Next CodeIgniter\Database\Exceptions\DatabaseException: Access denied for user '****'@'localhost' (using password: YES) in D:\Materi Kuliah\Smester 6\Pemrograman framework\koperasi-main\vendor\codeigniter4\framework\system\Database\MySQLi\Connection.php:231
Stack trace:
#0 D:\Materi Kuliah\Smester 6\Pemrograman framework\koperasi-main\vendor\codeigniter4\framework\system\Database\BaseConnection.php(421): CodeIgniter\Database\MySQLi\Connection->connect(false)
#1 D:\Materi Kuliah\Smester 6\Pemrograman framework\koperasi-main\vendor\codeigniter4\framework\system\Database\BaseConnection.php(616): CodeIgniter\Database\BaseConnection->initialize()
#2 D:\Materi Kuliah\Smester 6\Pemrograman framework\koperasi-main\vendor\codeigniter4\framework\system\Database\BaseBuilder.php(1644): CodeIgniter\Database\BaseConnection->query('SELECT *\nFROM `...', Array, false)
#3 D:\Materi Kuliah\Smester 6\Pemrograman framework\koperasi-main\vendor\codeigniter4\framework\system\Model.php(286): CodeIgniter\Database\BaseBuilder->get()
#4 D:\Materi Kuliah\Smester 6\Pemrograman framework\koperasi-main\vendor\codeigniter4\framework\system\BaseModel.php(676): CodeIgniter\Model->doFindAll(0, 0)
#5 D:\Materi Kuliah\Smester 6\Pemrograman framework\koperasi-main\app\Controllers\User.php(20): CodeIgniter\BaseModel->findAll()
#6 D:\Materi Kuliah\Smester 6\Pemrograman framework\koperasi-main\vendor\codeigniter4\framework\system\CodeIgniter.php(933): App\Controllers\User->index()
#7 D:\Materi Kuliah\Smester 6\Pemrograman framework\koperasi-main\vendor\codeigniter4\framework\system\CodeIgniter.php(509): CodeIgniter\CodeIgniter->runController(Object(App\Controllers\User))
#8 D:\Materi Kuliah\Smester 6\Pemrograman framework\koperasi-main\vendor\codeigniter4\framework\system\CodeIgniter.php(355): CodeIgniter\CodeIgniter->handleRequest(NULL, Object(Config\Cache), false)
#9 D:\Materi Kuliah\Smester 6\Pemrograman framework\koperasi-main\vendor\codeigniter4\framework\system\Boot.php(325): CodeIgniter\CodeIgniter->run()
#10 D:\Materi Kuliah\Smester 6\Pemrograman framework\koperasi-main\vendor\codeigniter4\framework\system\Boot.php(67): CodeIgniter\Boot::runCodeIgniter(Object(CodeIgniter\CodeIgniter))
#11 D:\Materi Kuliah\Smester 6\Pemrograman framework\koperasi-main\public\index.php(56): CodeIgniter\Boot::bootWeb(Object(Config\Paths))
#12 D:\Materi Kuliah\Smester 6\Pemrograman framework\koperasi-main\vendor\codeigniter4\framework\system\rewrite.php(44): require_once('D:\\Materi Kulia...')
#13 {main}
CRITICAL - 2024-08-09 23:18:55 --> CodeIgniter\Database\Exceptions\DatabaseException: Unable to connect to the database.
Main connection [MySQLi]: Access denied for user '****'@'localhost' (using password: YES)
[Method: GET, Route: /]
in SYSTEMPATH\Database\BaseConnection.php on line 467.
 1 SYSTEMPATH\Database\BaseConnection.php(616): CodeIgniter\Database\BaseConnection->initialize()
 2 SYSTEMPATH\Database\BaseBuilder.php(1644): CodeIgniter\Database\BaseConnection->query('SELECT *
FROM `mt_users`
WHERE `mt_users`.`deleted_at` IS NULL', [], false)
 3 SYSTEMPATH\Model.php(286): CodeIgniter\Database\BaseBuilder->get()
 4 SYSTEMPATH\BaseModel.php(676): CodeIgniter\Model->doFindAll(0, 0)
 5 APPPATH\Controllers\User.php(20): CodeIgniter\BaseModel->findAll()
 6 SYSTEMPATH\CodeIgniter.php(933): App\Controllers\User->index()
 7 SYSTEMPATH\CodeIgniter.php(509): CodeIgniter\CodeIgniter->runController(Object(App\Controllers\User))
 8 SYSTEMPATH\CodeIgniter.php(355): CodeIgniter\CodeIgniter->handleRequest(null, Object(Config\Cache), false)
 9 SYSTEMPATH\Boot.php(325): CodeIgniter\CodeIgniter->run()
10 SYSTEMPATH\Boot.php(67): CodeIgniter\Boot::runCodeIgniter(Object(CodeIgniter\CodeIgniter))
11 FCPATH\index.php(56): CodeIgniter\Boot::bootWeb(Object(Config\Paths))
12 SYSTEMPATH\rewrite.php(44): require_once('D:\\Materi Kuliah\\Smester 6\\Pemrograman framework\\koperasi-main\\public\\index.php')
ERROR - 2024-08-09 23:19:10 --> Error connecting to the database: mysqli_sql_exception: Access denied for user 'dev'@'localhost' (using password: YES) in D:\Materi Kuliah\Smester 6\Pemrograman framework\koperasi-main\vendor\codeigniter4\framework\system\Database\MySQLi\Connection.php:186
Stack trace:
#0 D:\Materi Kuliah\Smester 6\Pemrograman framework\koperasi-main\vendor\codeigniter4\framework\system\Database\MySQLi\Connection.php(186): mysqli->real_connect('localhost', 'dev', Object(SensitiveParameterValue), 'koperasi', 3306, '', 0)
#1 D:\Materi Kuliah\Smester 6\Pemrograman framework\koperasi-main\vendor\codeigniter4\framework\system\Database\BaseConnection.php(421): CodeIgniter\Database\MySQLi\Connection->connect(false)
#2 D:\Materi Kuliah\Smester 6\Pemrograman framework\koperasi-main\vendor\codeigniter4\framework\system\Database\BaseConnection.php(616): CodeIgniter\Database\BaseConnection->initialize()
#3 D:\Materi Kuliah\Smester 6\Pemrograman framework\koperasi-main\vendor\codeigniter4\framework\system\Database\BaseBuilder.php(1644): CodeIgniter\Database\BaseConnection->query('SELECT *\nFROM `...', Array, false)
#4 D:\Materi Kuliah\Smester 6\Pemrograman framework\koperasi-main\vendor\codeigniter4\framework\system\Model.php(286): CodeIgniter\Database\BaseBuilder->get()
#5 D:\Materi Kuliah\Smester 6\Pemrograman framework\koperasi-main\vendor\codeigniter4\framework\system\BaseModel.php(676): CodeIgniter\Model->doFindAll(0, 0)
#6 D:\Materi Kuliah\Smester 6\Pemrograman framework\koperasi-main\app\Controllers\User.php(20): CodeIgniter\BaseModel->findAll()
#7 D:\Materi Kuliah\Smester 6\Pemrograman framework\koperasi-main\vendor\codeigniter4\framework\system\CodeIgniter.php(933): App\Controllers\User->index()
#8 D:\Materi Kuliah\Smester 6\Pemrograman framework\koperasi-main\vendor\codeigniter4\framework\system\CodeIgniter.php(509): CodeIgniter\CodeIgniter->runController(Object(App\Controllers\User))
#9 D:\Materi Kuliah\Smester 6\Pemrograman framework\koperasi-main\vendor\codeigniter4\framework\system\CodeIgniter.php(355): CodeIgniter\CodeIgniter->handleRequest(NULL, Object(Config\Cache), false)
#10 D:\Materi Kuliah\Smester 6\Pemrograman framework\koperasi-main\vendor\codeigniter4\framework\system\Boot.php(325): CodeIgniter\CodeIgniter->run()
#11 D:\Materi Kuliah\Smester 6\Pemrograman framework\koperasi-main\vendor\codeigniter4\framework\system\Boot.php(67): CodeIgniter\Boot::runCodeIgniter(Object(CodeIgniter\CodeIgniter))
#12 D:\Materi Kuliah\Smester 6\Pemrograman framework\koperasi-main\public\index.php(56): CodeIgniter\Boot::bootWeb(Object(Config\Paths))
#13 D:\Materi Kuliah\Smester 6\Pemrograman framework\koperasi-main\vendor\codeigniter4\framework\system\rewrite.php(44): require_once('D:\\Materi Kulia...')
#14 {main}

Next CodeIgniter\Database\Exceptions\DatabaseException: Access denied for user '****'@'localhost' (using password: YES) in D:\Materi Kuliah\Smester 6\Pemrograman framework\koperasi-main\vendor\codeigniter4\framework\system\Database\MySQLi\Connection.php:231
Stack trace:
#0 D:\Materi Kuliah\Smester 6\Pemrograman framework\koperasi-main\vendor\codeigniter4\framework\system\Database\BaseConnection.php(421): CodeIgniter\Database\MySQLi\Connection->connect(false)
#1 D:\Materi Kuliah\Smester 6\Pemrograman framework\koperasi-main\vendor\codeigniter4\framework\system\Database\BaseConnection.php(616): CodeIgniter\Database\BaseConnection->initialize()
#2 D:\Materi Kuliah\Smester 6\Pemrograman framework\koperasi-main\vendor\codeigniter4\framework\system\Database\BaseBuilder.php(1644): CodeIgniter\Database\BaseConnection->query('SELECT *\nFROM `...', Array, false)
#3 D:\Materi Kuliah\Smester 6\Pemrograman framework\koperasi-main\vendor\codeigniter4\framework\system\Model.php(286): CodeIgniter\Database\BaseBuilder->get()
#4 D:\Materi Kuliah\Smester 6\Pemrograman framework\koperasi-main\vendor\codeigniter4\framework\system\BaseModel.php(676): CodeIgniter\Model->doFindAll(0, 0)
#5 D:\Materi Kuliah\Smester 6\Pemrograman framework\koperasi-main\app\Controllers\User.php(20): CodeIgniter\BaseModel->findAll()
#6 D:\Materi Kuliah\Smester 6\Pemrograman framework\koperasi-main\vendor\codeigniter4\framework\system\CodeIgniter.php(933): App\Controllers\User->index()
#7 D:\Materi Kuliah\Smester 6\Pemrograman framework\koperasi-main\vendor\codeigniter4\framework\system\CodeIgniter.php(509): CodeIgniter\CodeIgniter->runController(Object(App\Controllers\User))
#8 D:\Materi Kuliah\Smester 6\Pemrograman framework\koperasi-main\vendor\codeigniter4\framework\system\CodeIgniter.php(355): CodeIgniter\CodeIgniter->handleRequest(NULL, Object(Config\Cache), false)
#9 D:\Materi Kuliah\Smester 6\Pemrograman framework\koperasi-main\vendor\codeigniter4\framework\system\Boot.php(325): CodeIgniter\CodeIgniter->run()
#10 D:\Materi Kuliah\Smester 6\Pemrograman framework\koperasi-main\vendor\codeigniter4\framework\system\Boot.php(67): CodeIgniter\Boot::runCodeIgniter(Object(CodeIgniter\CodeIgniter))
#11 D:\Materi Kuliah\Smester 6\Pemrograman framework\koperasi-main\public\index.php(56): CodeIgniter\Boot::bootWeb(Object(Config\Paths))
#12 D:\Materi Kuliah\Smester 6\Pemrograman framework\koperasi-main\vendor\codeigniter4\framework\system\rewrite.php(44): require_once('D:\\Materi Kulia...')
#13 {main}
CRITICAL - 2024-08-09 23:19:10 --> CodeIgniter\Database\Exceptions\DatabaseException: Unable to connect to the database.
Main connection [MySQLi]: Access denied for user '****'@'localhost' (using password: YES)
[Method: GET, Route: /]
in SYSTEMPATH\Database\BaseConnection.php on line 467.
 1 SYSTEMPATH\Database\BaseConnection.php(616): CodeIgniter\Database\BaseConnection->initialize()
 2 SYSTEMPATH\Database\BaseBuilder.php(1644): CodeIgniter\Database\BaseConnection->query('SELECT *
FROM `mt_users`
WHERE `mt_users`.`deleted_at` IS NULL', [], false)
 3 SYSTEMPATH\Model.php(286): CodeIgniter\Database\BaseBuilder->get()
 4 SYSTEMPATH\BaseModel.php(676): CodeIgniter\Model->doFindAll(0, 0)
 5 APPPATH\Controllers\User.php(20): CodeIgniter\BaseModel->findAll()
 6 SYSTEMPATH\CodeIgniter.php(933): App\Controllers\User->index()
 7 SYSTEMPATH\CodeIgniter.php(509): CodeIgniter\CodeIgniter->runController(Object(App\Controllers\User))
 8 SYSTEMPATH\CodeIgniter.php(355): CodeIgniter\CodeIgniter->handleRequest(null, Object(Config\Cache), false)
 9 SYSTEMPATH\Boot.php(325): CodeIgniter\CodeIgniter->run()
10 SYSTEMPATH\Boot.php(67): CodeIgniter\Boot::runCodeIgniter(Object(CodeIgniter\CodeIgniter))
11 FCPATH\index.php(56): CodeIgniter\Boot::bootWeb(Object(Config\Paths))
12 SYSTEMPATH\rewrite.php(44): require_once('D:\\Materi Kuliah\\Smester 6\\Pemrograman framework\\koperasi-main\\public\\index.php')
ERROR - 2024-08-09 23:19:12 --> Error connecting to the database: mysqli_sql_exception: Access denied for user 'dev'@'localhost' (using password: YES) in D:\Materi Kuliah\Smester 6\Pemrograman framework\koperasi-main\vendor\codeigniter4\framework\system\Database\MySQLi\Connection.php:186
Stack trace:
#0 D:\Materi Kuliah\Smester 6\Pemrograman framework\koperasi-main\vendor\codeigniter4\framework\system\Database\MySQLi\Connection.php(186): mysqli->real_connect('localhost', 'dev', Object(SensitiveParameterValue), 'koperasi', 3306, '', 0)
#1 D:\Materi Kuliah\Smester 6\Pemrograman framework\koperasi-main\vendor\codeigniter4\framework\system\Database\BaseConnection.php(421): CodeIgniter\Database\MySQLi\Connection->connect(false)
#2 D:\Materi Kuliah\Smester 6\Pemrograman framework\koperasi-main\vendor\codeigniter4\framework\system\Database\BaseConnection.php(616): CodeIgniter\Database\BaseConnection->initialize()
#3 D:\Materi Kuliah\Smester 6\Pemrograman framework\koperasi-main\vendor\codeigniter4\framework\system\Database\BaseBuilder.php(1644): CodeIgniter\Database\BaseConnection->query('SELECT *\nFROM `...', Array, false)
#4 D:\Materi Kuliah\Smester 6\Pemrograman framework\koperasi-main\vendor\codeigniter4\framework\system\Model.php(286): CodeIgniter\Database\BaseBuilder->get()
#5 D:\Materi Kuliah\Smester 6\Pemrograman framework\koperasi-main\vendor\codeigniter4\framework\system\BaseModel.php(676): CodeIgniter\Model->doFindAll(0, 0)
#6 D:\Materi Kuliah\Smester 6\Pemrograman framework\koperasi-main\app\Controllers\User.php(20): CodeIgniter\BaseModel->findAll()
#7 D:\Materi Kuliah\Smester 6\Pemrograman framework\koperasi-main\vendor\codeigniter4\framework\system\CodeIgniter.php(933): App\Controllers\User->index()
#8 D:\Materi Kuliah\Smester 6\Pemrograman framework\koperasi-main\vendor\codeigniter4\framework\system\CodeIgniter.php(509): CodeIgniter\CodeIgniter->runController(Object(App\Controllers\User))
#9 D:\Materi Kuliah\Smester 6\Pemrograman framework\koperasi-main\vendor\codeigniter4\framework\system\CodeIgniter.php(355): CodeIgniter\CodeIgniter->handleRequest(NULL, Object(Config\Cache), false)
#10 D:\Materi Kuliah\Smester 6\Pemrograman framework\koperasi-main\vendor\codeigniter4\framework\system\Boot.php(325): CodeIgniter\CodeIgniter->run()
#11 D:\Materi Kuliah\Smester 6\Pemrograman framework\koperasi-main\vendor\codeigniter4\framework\system\Boot.php(67): CodeIgniter\Boot::runCodeIgniter(Object(CodeIgniter\CodeIgniter))
#12 D:\Materi Kuliah\Smester 6\Pemrograman framework\koperasi-main\public\index.php(56): CodeIgniter\Boot::bootWeb(Object(Config\Paths))
#13 D:\Materi Kuliah\Smester 6\Pemrograman framework\koperasi-main\vendor\codeigniter4\framework\system\rewrite.php(44): require_once('D:\\Materi Kulia...')
#14 {main}

Next CodeIgniter\Database\Exceptions\DatabaseException: Access denied for user '****'@'localhost' (using password: YES) in D:\Materi Kuliah\Smester 6\Pemrograman framework\koperasi-main\vendor\codeigniter4\framework\system\Database\MySQLi\Connection.php:231
Stack trace:
#0 D:\Materi Kuliah\Smester 6\Pemrograman framework\koperasi-main\vendor\codeigniter4\framework\system\Database\BaseConnection.php(421): CodeIgniter\Database\MySQLi\Connection->connect(false)
#1 D:\Materi Kuliah\Smester 6\Pemrograman framework\koperasi-main\vendor\codeigniter4\framework\system\Database\BaseConnection.php(616): CodeIgniter\Database\BaseConnection->initialize()
#2 D:\Materi Kuliah\Smester 6\Pemrograman framework\koperasi-main\vendor\codeigniter4\framework\system\Database\BaseBuilder.php(1644): CodeIgniter\Database\BaseConnection->query('SELECT *\nFROM `...', Array, false)
#3 D:\Materi Kuliah\Smester 6\Pemrograman framework\koperasi-main\vendor\codeigniter4\framework\system\Model.php(286): CodeIgniter\Database\BaseBuilder->get()
#4 D:\Materi Kuliah\Smester 6\Pemrograman framework\koperasi-main\vendor\codeigniter4\framework\system\BaseModel.php(676): CodeIgniter\Model->doFindAll(0, 0)
#5 D:\Materi Kuliah\Smester 6\Pemrograman framework\koperasi-main\app\Controllers\User.php(20): CodeIgniter\BaseModel->findAll()
#6 D:\Materi Kuliah\Smester 6\Pemrograman framework\koperasi-main\vendor\codeigniter4\framework\system\CodeIgniter.php(933): App\Controllers\User->index()
#7 D:\Materi Kuliah\Smester 6\Pemrograman framework\koperasi-main\vendor\codeigniter4\framework\system\CodeIgniter.php(509): CodeIgniter\CodeIgniter->runController(Object(App\Controllers\User))
#8 D:\Materi Kuliah\Smester 6\Pemrograman framework\koperasi-main\vendor\codeigniter4\framework\system\CodeIgniter.php(355): CodeIgniter\CodeIgniter->handleRequest(NULL, Object(Config\Cache), false)
#9 D:\Materi Kuliah\Smester 6\Pemrograman framework\koperasi-main\vendor\codeigniter4\framework\system\Boot.php(325): CodeIgniter\CodeIgniter->run()
#10 D:\Materi Kuliah\Smester 6\Pemrograman framework\koperasi-main\vendor\codeigniter4\framework\system\Boot.php(67): CodeIgniter\Boot::runCodeIgniter(Object(CodeIgniter\CodeIgniter))
#11 D:\Materi Kuliah\Smester 6\Pemrograman framework\koperasi-main\public\index.php(56): CodeIgniter\Boot::bootWeb(Object(Config\Paths))
#12 D:\Materi Kuliah\Smester 6\Pemrograman framework\koperasi-main\vendor\codeigniter4\framework\system\rewrite.php(44): require_once('D:\\Materi Kulia...')
#13 {main}
CRITICAL - 2024-08-09 23:19:12 --> CodeIgniter\Database\Exceptions\DatabaseException: Unable to connect to the database.
Main connection [MySQLi]: Access denied for user '****'@'localhost' (using password: YES)
[Method: GET, Route: /]
in SYSTEMPATH\Database\BaseConnection.php on line 467.
 1 SYSTEMPATH\Database\BaseConnection.php(616): CodeIgniter\Database\BaseConnection->initialize()
 2 SYSTEMPATH\Database\BaseBuilder.php(1644): CodeIgniter\Database\BaseConnection->query('SELECT *
FROM `mt_users`
WHERE `mt_users`.`deleted_at` IS NULL', [], false)
 3 SYSTEMPATH\Model.php(286): CodeIgniter\Database\BaseBuilder->get()
 4 SYSTEMPATH\BaseModel.php(676): CodeIgniter\Model->doFindAll(0, 0)
 5 APPPATH\Controllers\User.php(20): CodeIgniter\BaseModel->findAll()
 6 SYSTEMPATH\CodeIgniter.php(933): App\Controllers\User->index()
 7 SYSTEMPATH\CodeIgniter.php(509): CodeIgniter\CodeIgniter->runController(Object(App\Controllers\User))
 8 SYSTEMPATH\CodeIgniter.php(355): CodeIgniter\CodeIgniter->handleRequest(null, Object(Config\Cache), false)
 9 SYSTEMPATH\Boot.php(325): CodeIgniter\CodeIgniter->run()
10 SYSTEMPATH\Boot.php(67): CodeIgniter\Boot::runCodeIgniter(Object(CodeIgniter\CodeIgniter))
11 FCPATH\index.php(56): CodeIgniter\Boot::bootWeb(Object(Config\Paths))
12 SYSTEMPATH\rewrite.php(44): require_once('D:\\Materi Kuliah\\Smester 6\\Pemrograman framework\\koperasi-main\\public\\index.php')
ERROR - 2024-08-09 23:19:13 --> Error connecting to the database: mysqli_sql_exception: Access denied for user 'dev'@'localhost' (using password: YES) in D:\Materi Kuliah\Smester 6\Pemrograman framework\koperasi-main\vendor\codeigniter4\framework\system\Database\MySQLi\Connection.php:186
Stack trace:
#0 D:\Materi Kuliah\Smester 6\Pemrograman framework\koperasi-main\vendor\codeigniter4\framework\system\Database\MySQLi\Connection.php(186): mysqli->real_connect('localhost', 'dev', Object(SensitiveParameterValue), 'koperasi', 3306, '', 0)
#1 D:\Materi Kuliah\Smester 6\Pemrograman framework\koperasi-main\vendor\codeigniter4\framework\system\Database\BaseConnection.php(421): CodeIgniter\Database\MySQLi\Connection->connect(false)
#2 D:\Materi Kuliah\Smester 6\Pemrograman framework\koperasi-main\vendor\codeigniter4\framework\system\Database\BaseConnection.php(616): CodeIgniter\Database\BaseConnection->initialize()
#3 D:\Materi Kuliah\Smester 6\Pemrograman framework\koperasi-main\vendor\codeigniter4\framework\system\Database\BaseBuilder.php(1644): CodeIgniter\Database\BaseConnection->query('SELECT *\nFROM `...', Array, false)
#4 D:\Materi Kuliah\Smester 6\Pemrograman framework\koperasi-main\vendor\codeigniter4\framework\system\Model.php(286): CodeIgniter\Database\BaseBuilder->get()
#5 D:\Materi Kuliah\Smester 6\Pemrograman framework\koperasi-main\vendor\codeigniter4\framework\system\BaseModel.php(676): CodeIgniter\Model->doFindAll(0, 0)
#6 D:\Materi Kuliah\Smester 6\Pemrograman framework\koperasi-main\app\Controllers\User.php(20): CodeIgniter\BaseModel->findAll()
#7 D:\Materi Kuliah\Smester 6\Pemrograman framework\koperasi-main\vendor\codeigniter4\framework\system\CodeIgniter.php(933): App\Controllers\User->index()
#8 D:\Materi Kuliah\Smester 6\Pemrograman framework\koperasi-main\vendor\codeigniter4\framework\system\CodeIgniter.php(509): CodeIgniter\CodeIgniter->runController(Object(App\Controllers\User))
#9 D:\Materi Kuliah\Smester 6\Pemrograman framework\koperasi-main\vendor\codeigniter4\framework\system\CodeIgniter.php(355): CodeIgniter\CodeIgniter->handleRequest(NULL, Object(Config\Cache), false)
#10 D:\Materi Kuliah\Smester 6\Pemrograman framework\koperasi-main\vendor\codeigniter4\framework\system\Boot.php(325): CodeIgniter\CodeIgniter->run()
#11 D:\Materi Kuliah\Smester 6\Pemrograman framework\koperasi-main\vendor\codeigniter4\framework\system\Boot.php(67): CodeIgniter\Boot::runCodeIgniter(Object(CodeIgniter\CodeIgniter))
#12 D:\Materi Kuliah\Smester 6\Pemrograman framework\koperasi-main\public\index.php(56): CodeIgniter\Boot::bootWeb(Object(Config\Paths))
#13 D:\Materi Kuliah\Smester 6\Pemrograman framework\koperasi-main\vendor\codeigniter4\framework\system\rewrite.php(44): require_once('D:\\Materi Kulia...')
#14 {main}

Next CodeIgniter\Database\Exceptions\DatabaseException: Access denied for user '****'@'localhost' (using password: YES) in D:\Materi Kuliah\Smester 6\Pemrograman framework\koperasi-main\vendor\codeigniter4\framework\system\Database\MySQLi\Connection.php:231
Stack trace:
#0 D:\Materi Kuliah\Smester 6\Pemrograman framework\koperasi-main\vendor\codeigniter4\framework\system\Database\BaseConnection.php(421): CodeIgniter\Database\MySQLi\Connection->connect(false)
#1 D:\Materi Kuliah\Smester 6\Pemrograman framework\koperasi-main\vendor\codeigniter4\framework\system\Database\BaseConnection.php(616): CodeIgniter\Database\BaseConnection->initialize()
#2 D:\Materi Kuliah\Smester 6\Pemrograman framework\koperasi-main\vendor\codeigniter4\framework\system\Database\BaseBuilder.php(1644): CodeIgniter\Database\BaseConnection->query('SELECT *\nFROM `...', Array, false)
#3 D:\Materi Kuliah\Smester 6\Pemrograman framework\koperasi-main\vendor\codeigniter4\framework\system\Model.php(286): CodeIgniter\Database\BaseBuilder->get()
#4 D:\Materi Kuliah\Smester 6\Pemrograman framework\koperasi-main\vendor\codeigniter4\framework\system\BaseModel.php(676): CodeIgniter\Model->doFindAll(0, 0)
#5 D:\Materi Kuliah\Smester 6\Pemrograman framework\koperasi-main\app\Controllers\User.php(20): CodeIgniter\BaseModel->findAll()
#6 D:\Materi Kuliah\Smester 6\Pemrograman framework\koperasi-main\vendor\codeigniter4\framework\system\CodeIgniter.php(933): App\Controllers\User->index()
#7 D:\Materi Kuliah\Smester 6\Pemrograman framework\koperasi-main\vendor\codeigniter4\framework\system\CodeIgniter.php(509): CodeIgniter\CodeIgniter->runController(Object(App\Controllers\User))
#8 D:\Materi Kuliah\Smester 6\Pemrograman framework\koperasi-main\vendor\codeigniter4\framework\system\CodeIgniter.php(355): CodeIgniter\CodeIgniter->handleRequest(NULL, Object(Config\Cache), false)
#9 D:\Materi Kuliah\Smester 6\Pemrograman framework\koperasi-main\vendor\codeigniter4\framework\system\Boot.php(325): CodeIgniter\CodeIgniter->run()
#10 D:\Materi Kuliah\Smester 6\Pemrograman framework\koperasi-main\vendor\codeigniter4\framework\system\Boot.php(67): CodeIgniter\Boot::runCodeIgniter(Object(CodeIgniter\CodeIgniter))
#11 D:\Materi Kuliah\Smester 6\Pemrograman framework\koperasi-main\public\index.php(56): CodeIgniter\Boot::bootWeb(Object(Config\Paths))
#12 D:\Materi Kuliah\Smester 6\Pemrograman framework\koperasi-main\vendor\codeigniter4\framework\system\rewrite.php(44): require_once('D:\\Materi Kulia...')
#13 {main}
CRITICAL - 2024-08-09 23:19:13 --> CodeIgniter\Database\Exceptions\DatabaseException: Unable to connect to the database.
Main connection [MySQLi]: Access denied for user '****'@'localhost' (using password: YES)
[Method: GET, Route: /]
in SYSTEMPATH\Database\BaseConnection.php on line 467.
 1 SYSTEMPATH\Database\BaseConnection.php(616): CodeIgniter\Database\BaseConnection->initialize()
 2 SYSTEMPATH\Database\BaseBuilder.php(1644): CodeIgniter\Database\BaseConnection->query('SELECT *
FROM `mt_users`
WHERE `mt_users`.`deleted_at` IS NULL', [], false)
 3 SYSTEMPATH\Model.php(286): CodeIgniter\Database\BaseBuilder->get()
 4 SYSTEMPATH\BaseModel.php(676): CodeIgniter\Model->doFindAll(0, 0)
 5 APPPATH\Controllers\User.php(20): CodeIgniter\BaseModel->findAll()
 6 SYSTEMPATH\CodeIgniter.php(933): App\Controllers\User->index()
 7 SYSTEMPATH\CodeIgniter.php(509): CodeIgniter\CodeIgniter->runController(Object(App\Controllers\User))
 8 SYSTEMPATH\CodeIgniter.php(355): CodeIgniter\CodeIgniter->handleRequest(null, Object(Config\Cache), false)
 9 SYSTEMPATH\Boot.php(325): CodeIgniter\CodeIgniter->run()
10 SYSTEMPATH\Boot.php(67): CodeIgniter\Boot::runCodeIgniter(Object(CodeIgniter\CodeIgniter))
11 FCPATH\index.php(56): CodeIgniter\Boot::bootWeb(Object(Config\Paths))
12 SYSTEMPATH\rewrite.php(44): require_once('D:\\Materi Kuliah\\Smester 6\\Pemrograman framework\\koperasi-main\\public\\index.php')
ERROR - 2024-08-09 23:19:13 --> Error connecting to the database: mysqli_sql_exception: Access denied for user 'dev'@'localhost' (using password: YES) in D:\Materi Kuliah\Smester 6\Pemrograman framework\koperasi-main\vendor\codeigniter4\framework\system\Database\MySQLi\Connection.php:186
Stack trace:
#0 D:\Materi Kuliah\Smester 6\Pemrograman framework\koperasi-main\vendor\codeigniter4\framework\system\Database\MySQLi\Connection.php(186): mysqli->real_connect('localhost', 'dev', Object(SensitiveParameterValue), 'koperasi', 3306, '', 0)
#1 D:\Materi Kuliah\Smester 6\Pemrograman framework\koperasi-main\vendor\codeigniter4\framework\system\Database\BaseConnection.php(421): CodeIgniter\Database\MySQLi\Connection->connect(false)
#2 D:\Materi Kuliah\Smester 6\Pemrograman framework\koperasi-main\vendor\codeigniter4\framework\system\Database\BaseConnection.php(616): CodeIgniter\Database\BaseConnection->initialize()
#3 D:\Materi Kuliah\Smester 6\Pemrograman framework\koperasi-main\vendor\codeigniter4\framework\system\Database\BaseBuilder.php(1644): CodeIgniter\Database\BaseConnection->query('SELECT *\nFROM `...', Array, false)
#4 D:\Materi Kuliah\Smester 6\Pemrograman framework\koperasi-main\vendor\codeigniter4\framework\system\Model.php(286): CodeIgniter\Database\BaseBuilder->get()
#5 D:\Materi Kuliah\Smester 6\Pemrograman framework\koperasi-main\vendor\codeigniter4\framework\system\BaseModel.php(676): CodeIgniter\Model->doFindAll(0, 0)
#6 D:\Materi Kuliah\Smester 6\Pemrograman framework\koperasi-main\app\Controllers\User.php(20): CodeIgniter\BaseModel->findAll()
#7 D:\Materi Kuliah\Smester 6\Pemrograman framework\koperasi-main\vendor\codeigniter4\framework\system\CodeIgniter.php(933): App\Controllers\User->index()
#8 D:\Materi Kuliah\Smester 6\Pemrograman framework\koperasi-main\vendor\codeigniter4\framework\system\CodeIgniter.php(509): CodeIgniter\CodeIgniter->runController(Object(App\Controllers\User))
#9 D:\Materi Kuliah\Smester 6\Pemrograman framework\koperasi-main\vendor\codeigniter4\framework\system\CodeIgniter.php(355): CodeIgniter\CodeIgniter->handleRequest(NULL, Object(Config\Cache), false)
#10 D:\Materi Kuliah\Smester 6\Pemrograman framework\koperasi-main\vendor\codeigniter4\framework\system\Boot.php(325): CodeIgniter\CodeIgniter->run()
#11 D:\Materi Kuliah\Smester 6\Pemrograman framework\koperasi-main\vendor\codeigniter4\framework\system\Boot.php(67): CodeIgniter\Boot::runCodeIgniter(Object(CodeIgniter\CodeIgniter))
#12 D:\Materi Kuliah\Smester 6\Pemrograman framework\koperasi-main\public\index.php(56): CodeIgniter\Boot::bootWeb(Object(Config\Paths))
#13 D:\Materi Kuliah\Smester 6\Pemrograman framework\koperasi-main\vendor\codeigniter4\framework\system\rewrite.php(44): require_once('D:\\Materi Kulia...')
#14 {main}

Next CodeIgniter\Database\Exceptions\DatabaseException: Access denied for user '****'@'localhost' (using password: YES) in D:\Materi Kuliah\Smester 6\Pemrograman framework\koperasi-main\vendor\codeigniter4\framework\system\Database\MySQLi\Connection.php:231
Stack trace:
#0 D:\Materi Kuliah\Smester 6\Pemrograman framework\koperasi-main\vendor\codeigniter4\framework\system\Database\BaseConnection.php(421): CodeIgniter\Database\MySQLi\Connection->connect(false)
#1 D:\Materi Kuliah\Smester 6\Pemrograman framework\koperasi-main\vendor\codeigniter4\framework\system\Database\BaseConnection.php(616): CodeIgniter\Database\BaseConnection->initialize()
#2 D:\Materi Kuliah\Smester 6\Pemrograman framework\koperasi-main\vendor\codeigniter4\framework\system\Database\BaseBuilder.php(1644): CodeIgniter\Database\BaseConnection->query('SELECT *\nFROM `...', Array, false)
#3 D:\Materi Kuliah\Smester 6\Pemrograman framework\koperasi-main\vendor\codeigniter4\framework\system\Model.php(286): CodeIgniter\Database\BaseBuilder->get()
#4 D:\Materi Kuliah\Smester 6\Pemrograman framework\koperasi-main\vendor\codeigniter4\framework\system\BaseModel.php(676): CodeIgniter\Model->doFindAll(0, 0)
#5 D:\Materi Kuliah\Smester 6\Pemrograman framework\koperasi-main\app\Controllers\User.php(20): CodeIgniter\BaseModel->findAll()
#6 D:\Materi Kuliah\Smester 6\Pemrograman framework\koperasi-main\vendor\codeigniter4\framework\system\CodeIgniter.php(933): App\Controllers\User->index()
#7 D:\Materi Kuliah\Smester 6\Pemrograman framework\koperasi-main\vendor\codeigniter4\framework\system\CodeIgniter.php(509): CodeIgniter\CodeIgniter->runController(Object(App\Controllers\User))
#8 D:\Materi Kuliah\Smester 6\Pemrograman framework\koperasi-main\vendor\codeigniter4\framework\system\CodeIgniter.php(355): CodeIgniter\CodeIgniter->handleRequest(NULL, Object(Config\Cache), false)
#9 D:\Materi Kuliah\Smester 6\Pemrograman framework\koperasi-main\vendor\codeigniter4\framework\system\Boot.php(325): CodeIgniter\CodeIgniter->run()
#10 D:\Materi Kuliah\Smester 6\Pemrograman framework\koperasi-main\vendor\codeigniter4\framework\system\Boot.php(67): CodeIgniter\Boot::runCodeIgniter(Object(CodeIgniter\CodeIgniter))
#11 D:\Materi Kuliah\Smester 6\Pemrograman framework\koperasi-main\public\index.php(56): CodeIgniter\Boot::bootWeb(Object(Config\Paths))
#12 D:\Materi Kuliah\Smester 6\Pemrograman framework\koperasi-main\vendor\codeigniter4\framework\system\rewrite.php(44): require_once('D:\\Materi Kulia...')
#13 {main}
CRITICAL - 2024-08-09 23:19:13 --> CodeIgniter\Database\Exceptions\DatabaseException: Unable to connect to the database.
Main connection [MySQLi]: Access denied for user '****'@'localhost' (using password: YES)
[Method: GET, Route: /]
in SYSTEMPATH\Database\BaseConnection.php on line 467.
 1 SYSTEMPATH\Database\BaseConnection.php(616): CodeIgniter\Database\BaseConnection->initialize()
 2 SYSTEMPATH\Database\BaseBuilder.php(1644): CodeIgniter\Database\BaseConnection->query('SELECT *
FROM `mt_users`
WHERE `mt_users`.`deleted_at` IS NULL', [], false)
 3 SYSTEMPATH\Model.php(286): CodeIgniter\Database\BaseBuilder->get()
 4 SYSTEMPATH\BaseModel.php(676): CodeIgniter\Model->doFindAll(0, 0)
 5 APPPATH\Controllers\User.php(20): CodeIgniter\BaseModel->findAll()
 6 SYSTEMPATH\CodeIgniter.php(933): App\Controllers\User->index()
 7 SYSTEMPATH\CodeIgniter.php(509): CodeIgniter\CodeIgniter->runController(Object(App\Controllers\User))
 8 SYSTEMPATH\CodeIgniter.php(355): CodeIgniter\CodeIgniter->handleRequest(null, Object(Config\Cache), false)
 9 SYSTEMPATH\Boot.php(325): CodeIgniter\CodeIgniter->run()
10 SYSTEMPATH\Boot.php(67): CodeIgniter\Boot::runCodeIgniter(Object(CodeIgniter\CodeIgniter))
11 FCPATH\index.php(56): CodeIgniter\Boot::bootWeb(Object(Config\Paths))
12 SYSTEMPATH\rewrite.php(44): require_once('D:\\Materi Kuliah\\Smester 6\\Pemrograman framework\\koperasi-main\\public\\index.php')
ERROR - 2024-08-09 23:19:14 --> Error connecting to the database: mysqli_sql_exception: Access denied for user 'dev'@'localhost' (using password: YES) in D:\Materi Kuliah\Smester 6\Pemrograman framework\koperasi-main\vendor\codeigniter4\framework\system\Database\MySQLi\Connection.php:186
Stack trace:
#0 D:\Materi Kuliah\Smester 6\Pemrograman framework\koperasi-main\vendor\codeigniter4\framework\system\Database\MySQLi\Connection.php(186): mysqli->real_connect('localhost', 'dev', Object(SensitiveParameterValue), 'koperasi', 3306, '', 0)
#1 D:\Materi Kuliah\Smester 6\Pemrograman framework\koperasi-main\vendor\codeigniter4\framework\system\Database\BaseConnection.php(421): CodeIgniter\Database\MySQLi\Connection->connect(false)
#2 D:\Materi Kuliah\Smester 6\Pemrograman framework\koperasi-main\vendor\codeigniter4\framework\system\Database\BaseConnection.php(616): CodeIgniter\Database\BaseConnection->initialize()
#3 D:\Materi Kuliah\Smester 6\Pemrograman framework\koperasi-main\vendor\codeigniter4\framework\system\Database\BaseBuilder.php(1644): CodeIgniter\Database\BaseConnection->query('SELECT *\nFROM `...', Array, false)
#4 D:\Materi Kuliah\Smester 6\Pemrograman framework\koperasi-main\vendor\codeigniter4\framework\system\Model.php(286): CodeIgniter\Database\BaseBuilder->get()
#5 D:\Materi Kuliah\Smester 6\Pemrograman framework\koperasi-main\vendor\codeigniter4\framework\system\BaseModel.php(676): CodeIgniter\Model->doFindAll(0, 0)
#6 D:\Materi Kuliah\Smester 6\Pemrograman framework\koperasi-main\app\Controllers\User.php(20): CodeIgniter\BaseModel->findAll()
#7 D:\Materi Kuliah\Smester 6\Pemrograman framework\koperasi-main\vendor\codeigniter4\framework\system\CodeIgniter.php(933): App\Controllers\User->index()
#8 D:\Materi Kuliah\Smester 6\Pemrograman framework\koperasi-main\vendor\codeigniter4\framework\system\CodeIgniter.php(509): CodeIgniter\CodeIgniter->runController(Object(App\Controllers\User))
#9 D:\Materi Kuliah\Smester 6\Pemrograman framework\koperasi-main\vendor\codeigniter4\framework\system\CodeIgniter.php(355): CodeIgniter\CodeIgniter->handleRequest(NULL, Object(Config\Cache), false)
#10 D:\Materi Kuliah\Smester 6\Pemrograman framework\koperasi-main\vendor\codeigniter4\framework\system\Boot.php(325): CodeIgniter\CodeIgniter->run()
#11 D:\Materi Kuliah\Smester 6\Pemrograman framework\koperasi-main\vendor\codeigniter4\framework\system\Boot.php(67): CodeIgniter\Boot::runCodeIgniter(Object(CodeIgniter\CodeIgniter))
#12 D:\Materi Kuliah\Smester 6\Pemrograman framework\koperasi-main\public\index.php(56): CodeIgniter\Boot::bootWeb(Object(Config\Paths))
#13 D:\Materi Kuliah\Smester 6\Pemrograman framework\koperasi-main\vendor\codeigniter4\framework\system\rewrite.php(44): require_once('D:\\Materi Kulia...')
#14 {main}

Next CodeIgniter\Database\Exceptions\DatabaseException: Access denied for user '****'@'localhost' (using password: YES) in D:\Materi Kuliah\Smester 6\Pemrograman framework\koperasi-main\vendor\codeigniter4\framework\system\Database\MySQLi\Connection.php:231
Stack trace:
#0 D:\Materi Kuliah\Smester 6\Pemrograman framework\koperasi-main\vendor\codeigniter4\framework\system\Database\BaseConnection.php(421): CodeIgniter\Database\MySQLi\Connection->connect(false)
#1 D:\Materi Kuliah\Smester 6\Pemrograman framework\koperasi-main\vendor\codeigniter4\framework\system\Database\BaseConnection.php(616): CodeIgniter\Database\BaseConnection->initialize()
#2 D:\Materi Kuliah\Smester 6\Pemrograman framework\koperasi-main\vendor\codeigniter4\framework\system\Database\BaseBuilder.php(1644): CodeIgniter\Database\BaseConnection->query('SELECT *\nFROM `...', Array, false)
#3 D:\Materi Kuliah\Smester 6\Pemrograman framework\koperasi-main\vendor\codeigniter4\framework\system\Model.php(286): CodeIgniter\Database\BaseBuilder->get()
#4 D:\Materi Kuliah\Smester 6\Pemrograman framework\koperasi-main\vendor\codeigniter4\framework\system\BaseModel.php(676): CodeIgniter\Model->doFindAll(0, 0)
#5 D:\Materi Kuliah\Smester 6\Pemrograman framework\koperasi-main\app\Controllers\User.php(20): CodeIgniter\BaseModel->findAll()
#6 D:\Materi Kuliah\Smester 6\Pemrograman framework\koperasi-main\vendor\codeigniter4\framework\system\CodeIgniter.php(933): App\Controllers\User->index()
#7 D:\Materi Kuliah\Smester 6\Pemrograman framework\koperasi-main\vendor\codeigniter4\framework\system\CodeIgniter.php(509): CodeIgniter\CodeIgniter->runController(Object(App\Controllers\User))
#8 D:\Materi Kuliah\Smester 6\Pemrograman framework\koperasi-main\vendor\codeigniter4\framework\system\CodeIgniter.php(355): CodeIgniter\CodeIgniter->handleRequest(NULL, Object(Config\Cache), false)
#9 D:\Materi Kuliah\Smester 6\Pemrograman framework\koperasi-main\vendor\codeigniter4\framework\system\Boot.php(325): CodeIgniter\CodeIgniter->run()
#10 D:\Materi Kuliah\Smester 6\Pemrograman framework\koperasi-main\vendor\codeigniter4\framework\system\Boot.php(67): CodeIgniter\Boot::runCodeIgniter(Object(CodeIgniter\CodeIgniter))
#11 D:\Materi Kuliah\Smester 6\Pemrograman framework\koperasi-main\public\index.php(56): CodeIgniter\Boot::bootWeb(Object(Config\Paths))
#12 D:\Materi Kuliah\Smester 6\Pemrograman framework\koperasi-main\vendor\codeigniter4\framework\system\rewrite.php(44): require_once('D:\\Materi Kulia...')
#13 {main}
CRITICAL - 2024-08-09 23:19:14 --> CodeIgniter\Database\Exceptions\DatabaseException: Unable to connect to the database.
Main connection [MySQLi]: Access denied for user '****'@'localhost' (using password: YES)
[Method: GET, Route: /]
in SYSTEMPATH\Database\BaseConnection.php on line 467.
 1 SYSTEMPATH\Database\BaseConnection.php(616): CodeIgniter\Database\BaseConnection->initialize()
 2 SYSTEMPATH\Database\BaseBuilder.php(1644): CodeIgniter\Database\BaseConnection->query('SELECT *
FROM `mt_users`
WHERE `mt_users`.`deleted_at` IS NULL', [], false)
 3 SYSTEMPATH\Model.php(286): CodeIgniter\Database\BaseBuilder->get()
 4 SYSTEMPATH\BaseModel.php(676): CodeIgniter\Model->doFindAll(0, 0)
 5 APPPATH\Controllers\User.php(20): CodeIgniter\BaseModel->findAll()
 6 SYSTEMPATH\CodeIgniter.php(933): App\Controllers\User->index()
 7 SYSTEMPATH\CodeIgniter.php(509): CodeIgniter\CodeIgniter->runController(Object(App\Controllers\User))
 8 SYSTEMPATH\CodeIgniter.php(355): CodeIgniter\CodeIgniter->handleRequest(null, Object(Config\Cache), false)
 9 SYSTEMPATH\Boot.php(325): CodeIgniter\CodeIgniter->run()
10 SYSTEMPATH\Boot.php(67): CodeIgniter\Boot::runCodeIgniter(Object(CodeIgniter\CodeIgniter))
11 FCPATH\index.php(56): CodeIgniter\Boot::bootWeb(Object(Config\Paths))
12 SYSTEMPATH\rewrite.php(44): require_once('D:\\Materi Kuliah\\Smester 6\\Pemrograman framework\\koperasi-main\\public\\index.php')
ERROR - 2024-08-09 23:19:14 --> Error connecting to the database: mysqli_sql_exception: Access denied for user 'dev'@'localhost' (using password: YES) in D:\Materi Kuliah\Smester 6\Pemrograman framework\koperasi-main\vendor\codeigniter4\framework\system\Database\MySQLi\Connection.php:186
Stack trace:
#0 D:\Materi Kuliah\Smester 6\Pemrograman framework\koperasi-main\vendor\codeigniter4\framework\system\Database\MySQLi\Connection.php(186): mysqli->real_connect('localhost', 'dev', Object(SensitiveParameterValue), 'koperasi', 3306, '', 0)
#1 D:\Materi Kuliah\Smester 6\Pemrograman framework\koperasi-main\vendor\codeigniter4\framework\system\Database\BaseConnection.php(421): CodeIgniter\Database\MySQLi\Connection->connect(false)
#2 D:\Materi Kuliah\Smester 6\Pemrograman framework\koperasi-main\vendor\codeigniter4\framework\system\Database\BaseConnection.php(616): CodeIgniter\Database\BaseConnection->initialize()
#3 D:\Materi Kuliah\Smester 6\Pemrograman framework\koperasi-main\vendor\codeigniter4\framework\system\Database\BaseBuilder.php(1644): CodeIgniter\Database\BaseConnection->query('SELECT *\nFROM `...', Array, false)
#4 D:\Materi Kuliah\Smester 6\Pemrograman framework\koperasi-main\vendor\codeigniter4\framework\system\Model.php(286): CodeIgniter\Database\BaseBuilder->get()
#5 D:\Materi Kuliah\Smester 6\Pemrograman framework\koperasi-main\vendor\codeigniter4\framework\system\BaseModel.php(676): CodeIgniter\Model->doFindAll(0, 0)
#6 D:\Materi Kuliah\Smester 6\Pemrograman framework\koperasi-main\app\Controllers\User.php(20): CodeIgniter\BaseModel->findAll()
#7 D:\Materi Kuliah\Smester 6\Pemrograman framework\koperasi-main\vendor\codeigniter4\framework\system\CodeIgniter.php(933): App\Controllers\User->index()
#8 D:\Materi Kuliah\Smester 6\Pemrograman framework\koperasi-main\vendor\codeigniter4\framework\system\CodeIgniter.php(509): CodeIgniter\CodeIgniter->runController(Object(App\Controllers\User))
#9 D:\Materi Kuliah\Smester 6\Pemrograman framework\koperasi-main\vendor\codeigniter4\framework\system\CodeIgniter.php(355): CodeIgniter\CodeIgniter->handleRequest(NULL, Object(Config\Cache), false)
#10 D:\Materi Kuliah\Smester 6\Pemrograman framework\koperasi-main\vendor\codeigniter4\framework\system\Boot.php(325): CodeIgniter\CodeIgniter->run()
#11 D:\Materi Kuliah\Smester 6\Pemrograman framework\koperasi-main\vendor\codeigniter4\framework\system\Boot.php(67): CodeIgniter\Boot::runCodeIgniter(Object(CodeIgniter\CodeIgniter))
#12 D:\Materi Kuliah\Smester 6\Pemrograman framework\koperasi-main\public\index.php(56): CodeIgniter\Boot::bootWeb(Object(Config\Paths))
#13 D:\Materi Kuliah\Smester 6\Pemrograman framework\koperasi-main\vendor\codeigniter4\framework\system\rewrite.php(44): require_once('D:\\Materi Kulia...')
#14 {main}

Next CodeIgniter\Database\Exceptions\DatabaseException: Access denied for user '****'@'localhost' (using password: YES) in D:\Materi Kuliah\Smester 6\Pemrograman framework\koperasi-main\vendor\codeigniter4\framework\system\Database\MySQLi\Connection.php:231
Stack trace:
#0 D:\Materi Kuliah\Smester 6\Pemrograman framework\koperasi-main\vendor\codeigniter4\framework\system\Database\BaseConnection.php(421): CodeIgniter\Database\MySQLi\Connection->connect(false)
#1 D:\Materi Kuliah\Smester 6\Pemrograman framework\koperasi-main\vendor\codeigniter4\framework\system\Database\BaseConnection.php(616): CodeIgniter\Database\BaseConnection->initialize()
#2 D:\Materi Kuliah\Smester 6\Pemrograman framework\koperasi-main\vendor\codeigniter4\framework\system\Database\BaseBuilder.php(1644): CodeIgniter\Database\BaseConnection->query('SELECT *\nFROM `...', Array, false)
#3 D:\Materi Kuliah\Smester 6\Pemrograman framework\koperasi-main\vendor\codeigniter4\framework\system\Model.php(286): CodeIgniter\Database\BaseBuilder->get()
#4 D:\Materi Kuliah\Smester 6\Pemrograman framework\koperasi-main\vendor\codeigniter4\framework\system\BaseModel.php(676): CodeIgniter\Model->doFindAll(0, 0)
#5 D:\Materi Kuliah\Smester 6\Pemrograman framework\koperasi-main\app\Controllers\User.php(20): CodeIgniter\BaseModel->findAll()
#6 D:\Materi Kuliah\Smester 6\Pemrograman framework\koperasi-main\vendor\codeigniter4\framework\system\CodeIgniter.php(933): App\Controllers\User->index()
#7 D:\Materi Kuliah\Smester 6\Pemrograman framework\koperasi-main\vendor\codeigniter4\framework\system\CodeIgniter.php(509): CodeIgniter\CodeIgniter->runController(Object(App\Controllers\User))
#8 D:\Materi Kuliah\Smester 6\Pemrograman framework\koperasi-main\vendor\codeigniter4\framework\system\CodeIgniter.php(355): CodeIgniter\CodeIgniter->handleRequest(NULL, Object(Config\Cache), false)
#9 D:\Materi Kuliah\Smester 6\Pemrograman framework\koperasi-main\vendor\codeigniter4\framework\system\Boot.php(325): CodeIgniter\CodeIgniter->run()
#10 D:\Materi Kuliah\Smester 6\Pemrograman framework\koperasi-main\vendor\codeigniter4\framework\system\Boot.php(67): CodeIgniter\Boot::runCodeIgniter(Object(CodeIgniter\CodeIgniter))
#11 D:\Materi Kuliah\Smester 6\Pemrograman framework\koperasi-main\public\index.php(56): CodeIgniter\Boot::bootWeb(Object(Config\Paths))
#12 D:\Materi Kuliah\Smester 6\Pemrograman framework\koperasi-main\vendor\codeigniter4\framework\system\rewrite.php(44): require_once('D:\\Materi Kulia...')
#13 {main}
CRITICAL - 2024-08-09 23:19:14 --> CodeIgniter\Database\Exceptions\DatabaseException: Unable to connect to the database.
Main connection [MySQLi]: Access denied for user '****'@'localhost' (using password: YES)
[Method: GET, Route: /]
in SYSTEMPATH\Database\BaseConnection.php on line 467.
 1 SYSTEMPATH\Database\BaseConnection.php(616): CodeIgniter\Database\BaseConnection->initialize()
 2 SYSTEMPATH\Database\BaseBuilder.php(1644): CodeIgniter\Database\BaseConnection->query('SELECT *
FROM `mt_users`
WHERE `mt_users`.`deleted_at` IS NULL', [], false)
 3 SYSTEMPATH\Model.php(286): CodeIgniter\Database\BaseBuilder->get()
 4 SYSTEMPATH\BaseModel.php(676): CodeIgniter\Model->doFindAll(0, 0)
 5 APPPATH\Controllers\User.php(20): CodeIgniter\BaseModel->findAll()
 6 SYSTEMPATH\CodeIgniter.php(933): App\Controllers\User->index()
 7 SYSTEMPATH\CodeIgniter.php(509): CodeIgniter\CodeIgniter->runController(Object(App\Controllers\User))
 8 SYSTEMPATH\CodeIgniter.php(355): CodeIgniter\CodeIgniter->handleRequest(null, Object(Config\Cache), false)
 9 SYSTEMPATH\Boot.php(325): CodeIgniter\CodeIgniter->run()
10 SYSTEMPATH\Boot.php(67): CodeIgniter\Boot::runCodeIgniter(Object(CodeIgniter\CodeIgniter))
11 FCPATH\index.php(56): CodeIgniter\Boot::bootWeb(Object(Config\Paths))
12 SYSTEMPATH\rewrite.php(44): require_once('D:\\Materi Kuliah\\Smester 6\\Pemrograman framework\\koperasi-main\\public\\index.php')
ERROR - 2024-08-09 23:19:14 --> Error connecting to the database: mysqli_sql_exception: Access denied for user 'dev'@'localhost' (using password: YES) in D:\Materi Kuliah\Smester 6\Pemrograman framework\koperasi-main\vendor\codeigniter4\framework\system\Database\MySQLi\Connection.php:186
Stack trace:
#0 D:\Materi Kuliah\Smester 6\Pemrograman framework\koperasi-main\vendor\codeigniter4\framework\system\Database\MySQLi\Connection.php(186): mysqli->real_connect('localhost', 'dev', Object(SensitiveParameterValue), 'koperasi', 3306, '', 0)
#1 D:\Materi Kuliah\Smester 6\Pemrograman framework\koperasi-main\vendor\codeigniter4\framework\system\Database\BaseConnection.php(421): CodeIgniter\Database\MySQLi\Connection->connect(false)
#2 D:\Materi Kuliah\Smester 6\Pemrograman framework\koperasi-main\vendor\codeigniter4\framework\system\Database\BaseConnection.php(616): CodeIgniter\Database\BaseConnection->initialize()
#3 D:\Materi Kuliah\Smester 6\Pemrograman framework\koperasi-main\vendor\codeigniter4\framework\system\Database\BaseBuilder.php(1644): CodeIgniter\Database\BaseConnection->query('SELECT *\nFROM `...', Array, false)
#4 D:\Materi Kuliah\Smester 6\Pemrograman framework\koperasi-main\vendor\codeigniter4\framework\system\Model.php(286): CodeIgniter\Database\BaseBuilder->get()
#5 D:\Materi Kuliah\Smester 6\Pemrograman framework\koperasi-main\vendor\codeigniter4\framework\system\BaseModel.php(676): CodeIgniter\Model->doFindAll(0, 0)
#6 D:\Materi Kuliah\Smester 6\Pemrograman framework\koperasi-main\app\Controllers\User.php(20): CodeIgniter\BaseModel->findAll()
#7 D:\Materi Kuliah\Smester 6\Pemrograman framework\koperasi-main\vendor\codeigniter4\framework\system\CodeIgniter.php(933): App\Controllers\User->index()
#8 D:\Materi Kuliah\Smester 6\Pemrograman framework\koperasi-main\vendor\codeigniter4\framework\system\CodeIgniter.php(509): CodeIgniter\CodeIgniter->runController(Object(App\Controllers\User))
#9 D:\Materi Kuliah\Smester 6\Pemrograman framework\koperasi-main\vendor\codeigniter4\framework\system\CodeIgniter.php(355): CodeIgniter\CodeIgniter->handleRequest(NULL, Object(Config\Cache), false)
#10 D:\Materi Kuliah\Smester 6\Pemrograman framework\koperasi-main\vendor\codeigniter4\framework\system\Boot.php(325): CodeIgniter\CodeIgniter->run()
#11 D:\Materi Kuliah\Smester 6\Pemrograman framework\koperasi-main\vendor\codeigniter4\framework\system\Boot.php(67): CodeIgniter\Boot::runCodeIgniter(Object(CodeIgniter\CodeIgniter))
#12 D:\Materi Kuliah\Smester 6\Pemrograman framework\koperasi-main\public\index.php(56): CodeIgniter\Boot::bootWeb(Object(Config\Paths))
#13 D:\Materi Kuliah\Smester 6\Pemrograman framework\koperasi-main\vendor\codeigniter4\framework\system\rewrite.php(44): require_once('D:\\Materi Kulia...')
#14 {main}

Next CodeIgniter\Database\Exceptions\DatabaseException: Access denied for user '****'@'localhost' (using password: YES) in D:\Materi Kuliah\Smester 6\Pemrograman framework\koperasi-main\vendor\codeigniter4\framework\system\Database\MySQLi\Connection.php:231
Stack trace:
#0 D:\Materi Kuliah\Smester 6\Pemrograman framework\koperasi-main\vendor\codeigniter4\framework\system\Database\BaseConnection.php(421): CodeIgniter\Database\MySQLi\Connection->connect(false)
#1 D:\Materi Kuliah\Smester 6\Pemrograman framework\koperasi-main\vendor\codeigniter4\framework\system\Database\BaseConnection.php(616): CodeIgniter\Database\BaseConnection->initialize()
#2 D:\Materi Kuliah\Smester 6\Pemrograman framework\koperasi-main\vendor\codeigniter4\framework\system\Database\BaseBuilder.php(1644): CodeIgniter\Database\BaseConnection->query('SELECT *\nFROM `...', Array, false)
#3 D:\Materi Kuliah\Smester 6\Pemrograman framework\koperasi-main\vendor\codeigniter4\framework\system\Model.php(286): CodeIgniter\Database\BaseBuilder->get()
#4 D:\Materi Kuliah\Smester 6\Pemrograman framework\koperasi-main\vendor\codeigniter4\framework\system\BaseModel.php(676): CodeIgniter\Model->doFindAll(0, 0)
#5 D:\Materi Kuliah\Smester 6\Pemrograman framework\koperasi-main\app\Controllers\User.php(20): CodeIgniter\BaseModel->findAll()
#6 D:\Materi Kuliah\Smester 6\Pemrograman framework\koperasi-main\vendor\codeigniter4\framework\system\CodeIgniter.php(933): App\Controllers\User->index()
#7 D:\Materi Kuliah\Smester 6\Pemrograman framework\koperasi-main\vendor\codeigniter4\framework\system\CodeIgniter.php(509): CodeIgniter\CodeIgniter->runController(Object(App\Controllers\User))
#8 D:\Materi Kuliah\Smester 6\Pemrograman framework\koperasi-main\vendor\codeigniter4\framework\system\CodeIgniter.php(355): CodeIgniter\CodeIgniter->handleRequest(NULL, Object(Config\Cache), false)
#9 D:\Materi Kuliah\Smester 6\Pemrograman framework\koperasi-main\vendor\codeigniter4\framework\system\Boot.php(325): CodeIgniter\CodeIgniter->run()
#10 D:\Materi Kuliah\Smester 6\Pemrograman framework\koperasi-main\vendor\codeigniter4\framework\system\Boot.php(67): CodeIgniter\Boot::runCodeIgniter(Object(CodeIgniter\CodeIgniter))
#11 D:\Materi Kuliah\Smester 6\Pemrograman framework\koperasi-main\public\index.php(56): CodeIgniter\Boot::bootWeb(Object(Config\Paths))
#12 D:\Materi Kuliah\Smester 6\Pemrograman framework\koperasi-main\vendor\codeigniter4\framework\system\rewrite.php(44): require_once('D:\\Materi Kulia...')
#13 {main}
CRITICAL - 2024-08-09 23:19:14 --> CodeIgniter\Database\Exceptions\DatabaseException: Unable to connect to the database.
Main connection [MySQLi]: Access denied for user '****'@'localhost' (using password: YES)
[Method: GET, Route: /]
in SYSTEMPATH\Database\BaseConnection.php on line 467.
 1 SYSTEMPATH\Database\BaseConnection.php(616): CodeIgniter\Database\BaseConnection->initialize()
 2 SYSTEMPATH\Database\BaseBuilder.php(1644): CodeIgniter\Database\BaseConnection->query('SELECT *
FROM `mt_users`
WHERE `mt_users`.`deleted_at` IS NULL', [], false)
 3 SYSTEMPATH\Model.php(286): CodeIgniter\Database\BaseBuilder->get()
 4 SYSTEMPATH\BaseModel.php(676): CodeIgniter\Model->doFindAll(0, 0)
 5 APPPATH\Controllers\User.php(20): CodeIgniter\BaseModel->findAll()
 6 SYSTEMPATH\CodeIgniter.php(933): App\Controllers\User->index()
 7 SYSTEMPATH\CodeIgniter.php(509): CodeIgniter\CodeIgniter->runController(Object(App\Controllers\User))
 8 SYSTEMPATH\CodeIgniter.php(355): CodeIgniter\CodeIgniter->handleRequest(null, Object(Config\Cache), false)
 9 SYSTEMPATH\Boot.php(325): CodeIgniter\CodeIgniter->run()
10 SYSTEMPATH\Boot.php(67): CodeIgniter\Boot::runCodeIgniter(Object(CodeIgniter\CodeIgniter))
11 FCPATH\index.php(56): CodeIgniter\Boot::bootWeb(Object(Config\Paths))
12 SYSTEMPATH\rewrite.php(44): require_once('D:\\Materi Kuliah\\Smester 6\\Pemrograman framework\\koperasi-main\\public\\index.php')
ERROR - 2024-08-09 23:19:14 --> Error connecting to the database: mysqli_sql_exception: Access denied for user 'dev'@'localhost' (using password: YES) in D:\Materi Kuliah\Smester 6\Pemrograman framework\koperasi-main\vendor\codeigniter4\framework\system\Database\MySQLi\Connection.php:186
Stack trace:
#0 D:\Materi Kuliah\Smester 6\Pemrograman framework\koperasi-main\vendor\codeigniter4\framework\system\Database\MySQLi\Connection.php(186): mysqli->real_connect('localhost', 'dev', Object(SensitiveParameterValue), 'koperasi', 3306, '', 0)
#1 D:\Materi Kuliah\Smester 6\Pemrograman framework\koperasi-main\vendor\codeigniter4\framework\system\Database\BaseConnection.php(421): CodeIgniter\Database\MySQLi\Connection->connect(false)
#2 D:\Materi Kuliah\Smester 6\Pemrograman framework\koperasi-main\vendor\codeigniter4\framework\system\Database\BaseConnection.php(616): CodeIgniter\Database\BaseConnection->initialize()
#3 D:\Materi Kuliah\Smester 6\Pemrograman framework\koperasi-main\vendor\codeigniter4\framework\system\Database\BaseBuilder.php(1644): CodeIgniter\Database\BaseConnection->query('SELECT *\nFROM `...', Array, false)
#4 D:\Materi Kuliah\Smester 6\Pemrograman framework\koperasi-main\vendor\codeigniter4\framework\system\Model.php(286): CodeIgniter\Database\BaseBuilder->get()
#5 D:\Materi Kuliah\Smester 6\Pemrograman framework\koperasi-main\vendor\codeigniter4\framework\system\BaseModel.php(676): CodeIgniter\Model->doFindAll(0, 0)
#6 D:\Materi Kuliah\Smester 6\Pemrograman framework\koperasi-main\app\Controllers\User.php(20): CodeIgniter\BaseModel->findAll()
#7 D:\Materi Kuliah\Smester 6\Pemrograman framework\koperasi-main\vendor\codeigniter4\framework\system\CodeIgniter.php(933): App\Controllers\User->index()
#8 D:\Materi Kuliah\Smester 6\Pemrograman framework\koperasi-main\vendor\codeigniter4\framework\system\CodeIgniter.php(509): CodeIgniter\CodeIgniter->runController(Object(App\Controllers\User))
#9 D:\Materi Kuliah\Smester 6\Pemrograman framework\koperasi-main\vendor\codeigniter4\framework\system\CodeIgniter.php(355): CodeIgniter\CodeIgniter->handleRequest(NULL, Object(Config\Cache), false)
#10 D:\Materi Kuliah\Smester 6\Pemrograman framework\koperasi-main\vendor\codeigniter4\framework\system\Boot.php(325): CodeIgniter\CodeIgniter->run()
#11 D:\Materi Kuliah\Smester 6\Pemrograman framework\koperasi-main\vendor\codeigniter4\framework\system\Boot.php(67): CodeIgniter\Boot::runCodeIgniter(Object(CodeIgniter\CodeIgniter))
#12 D:\Materi Kuliah\Smester 6\Pemrograman framework\koperasi-main\public\index.php(56): CodeIgniter\Boot::bootWeb(Object(Config\Paths))
#13 D:\Materi Kuliah\Smester 6\Pemrograman framework\koperasi-main\vendor\codeigniter4\framework\system\rewrite.php(44): require_once('D:\\Materi Kulia...')
#14 {main}

Next CodeIgniter\Database\Exceptions\DatabaseException: Access denied for user '****'@'localhost' (using password: YES) in D:\Materi Kuliah\Smester 6\Pemrograman framework\koperasi-main\vendor\codeigniter4\framework\system\Database\MySQLi\Connection.php:231
Stack trace:
#0 D:\Materi Kuliah\Smester 6\Pemrograman framework\koperasi-main\vendor\codeigniter4\framework\system\Database\BaseConnection.php(421): CodeIgniter\Database\MySQLi\Connection->connect(false)
#1 D:\Materi Kuliah\Smester 6\Pemrograman framework\koperasi-main\vendor\codeigniter4\framework\system\Database\BaseConnection.php(616): CodeIgniter\Database\BaseConnection->initialize()
#2 D:\Materi Kuliah\Smester 6\Pemrograman framework\koperasi-main\vendor\codeigniter4\framework\system\Database\BaseBuilder.php(1644): CodeIgniter\Database\BaseConnection->query('SELECT *\nFROM `...', Array, false)
#3 D:\Materi Kuliah\Smester 6\Pemrograman framework\koperasi-main\vendor\codeigniter4\framework\system\Model.php(286): CodeIgniter\Database\BaseBuilder->get()
#4 D:\Materi Kuliah\Smester 6\Pemrograman framework\koperasi-main\vendor\codeigniter4\framework\system\BaseModel.php(676): CodeIgniter\Model->doFindAll(0, 0)
#5 D:\Materi Kuliah\Smester 6\Pemrograman framework\koperasi-main\app\Controllers\User.php(20): CodeIgniter\BaseModel->findAll()
#6 D:\Materi Kuliah\Smester 6\Pemrograman framework\koperasi-main\vendor\codeigniter4\framework\system\CodeIgniter.php(933): App\Controllers\User->index()
#7 D:\Materi Kuliah\Smester 6\Pemrograman framework\koperasi-main\vendor\codeigniter4\framework\system\CodeIgniter.php(509): CodeIgniter\CodeIgniter->runController(Object(App\Controllers\User))
#8 D:\Materi Kuliah\Smester 6\Pemrograman framework\koperasi-main\vendor\codeigniter4\framework\system\CodeIgniter.php(355): CodeIgniter\CodeIgniter->handleRequest(NULL, Object(Config\Cache), false)
#9 D:\Materi Kuliah\Smester 6\Pemrograman framework\koperasi-main\vendor\codeigniter4\framework\system\Boot.php(325): CodeIgniter\CodeIgniter->run()
#10 D:\Materi Kuliah\Smester 6\Pemrograman framework\koperasi-main\vendor\codeigniter4\framework\system\Boot.php(67): CodeIgniter\Boot::runCodeIgniter(Object(CodeIgniter\CodeIgniter))
#11 D:\Materi Kuliah\Smester 6\Pemrograman framework\koperasi-main\public\index.php(56): CodeIgniter\Boot::bootWeb(Object(Config\Paths))
#12 D:\Materi Kuliah\Smester 6\Pemrograman framework\koperasi-main\vendor\codeigniter4\framework\system\rewrite.php(44): require_once('D:\\Materi Kulia...')
#13 {main}
CRITICAL - 2024-08-09 23:19:14 --> CodeIgniter\Database\Exceptions\DatabaseException: Unable to connect to the database.
Main connection [MySQLi]: Access denied for user '****'@'localhost' (using password: YES)
[Method: GET, Route: /]
in SYSTEMPATH\Database\BaseConnection.php on line 467.
 1 SYSTEMPATH\Database\BaseConnection.php(616): CodeIgniter\Database\BaseConnection->initialize()
 2 SYSTEMPATH\Database\BaseBuilder.php(1644): CodeIgniter\Database\BaseConnection->query('SELECT *
FROM `mt_users`
WHERE `mt_users`.`deleted_at` IS NULL', [], false)
 3 SYSTEMPATH\Model.php(286): CodeIgniter\Database\BaseBuilder->get()
 4 SYSTEMPATH\BaseModel.php(676): CodeIgniter\Model->doFindAll(0, 0)
 5 APPPATH\Controllers\User.php(20): CodeIgniter\BaseModel->findAll()
 6 SYSTEMPATH\CodeIgniter.php(933): App\Controllers\User->index()
 7 SYSTEMPATH\CodeIgniter.php(509): CodeIgniter\CodeIgniter->runController(Object(App\Controllers\User))
 8 SYSTEMPATH\CodeIgniter.php(355): CodeIgniter\CodeIgniter->handleRequest(null, Object(Config\Cache), false)
 9 SYSTEMPATH\Boot.php(325): CodeIgniter\CodeIgniter->run()
10 SYSTEMPATH\Boot.php(67): CodeIgniter\Boot::runCodeIgniter(Object(CodeIgniter\CodeIgniter))
11 FCPATH\index.php(56): CodeIgniter\Boot::bootWeb(Object(Config\Paths))
12 SYSTEMPATH\rewrite.php(44): require_once('D:\\Materi Kuliah\\Smester 6\\Pemrograman framework\\koperasi-main\\public\\index.php')
ERROR - 2024-08-09 23:19:14 --> Error connecting to the database: mysqli_sql_exception: Access denied for user 'dev'@'localhost' (using password: YES) in D:\Materi Kuliah\Smester 6\Pemrograman framework\koperasi-main\vendor\codeigniter4\framework\system\Database\MySQLi\Connection.php:186
Stack trace:
#0 D:\Materi Kuliah\Smester 6\Pemrograman framework\koperasi-main\vendor\codeigniter4\framework\system\Database\MySQLi\Connection.php(186): mysqli->real_connect('localhost', 'dev', Object(SensitiveParameterValue), 'koperasi', 3306, '', 0)
#1 D:\Materi Kuliah\Smester 6\Pemrograman framework\koperasi-main\vendor\codeigniter4\framework\system\Database\BaseConnection.php(421): CodeIgniter\Database\MySQLi\Connection->connect(false)
#2 D:\Materi Kuliah\Smester 6\Pemrograman framework\koperasi-main\vendor\codeigniter4\framework\system\Database\BaseConnection.php(616): CodeIgniter\Database\BaseConnection->initialize()
#3 D:\Materi Kuliah\Smester 6\Pemrograman framework\koperasi-main\vendor\codeigniter4\framework\system\Database\BaseBuilder.php(1644): CodeIgniter\Database\BaseConnection->query('SELECT *\nFROM `...', Array, false)
#4 D:\Materi Kuliah\Smester 6\Pemrograman framework\koperasi-main\vendor\codeigniter4\framework\system\Model.php(286): CodeIgniter\Database\BaseBuilder->get()
#5 D:\Materi Kuliah\Smester 6\Pemrograman framework\koperasi-main\vendor\codeigniter4\framework\system\BaseModel.php(676): CodeIgniter\Model->doFindAll(0, 0)
#6 D:\Materi Kuliah\Smester 6\Pemrograman framework\koperasi-main\app\Controllers\User.php(20): CodeIgniter\BaseModel->findAll()
#7 D:\Materi Kuliah\Smester 6\Pemrograman framework\koperasi-main\vendor\codeigniter4\framework\system\CodeIgniter.php(933): App\Controllers\User->index()
#8 D:\Materi Kuliah\Smester 6\Pemrograman framework\koperasi-main\vendor\codeigniter4\framework\system\CodeIgniter.php(509): CodeIgniter\CodeIgniter->runController(Object(App\Controllers\User))
#9 D:\Materi Kuliah\Smester 6\Pemrograman framework\koperasi-main\vendor\codeigniter4\framework\system\CodeIgniter.php(355): CodeIgniter\CodeIgniter->handleRequest(NULL, Object(Config\Cache), false)
#10 D:\Materi Kuliah\Smester 6\Pemrograman framework\koperasi-main\vendor\codeigniter4\framework\system\Boot.php(325): CodeIgniter\CodeIgniter->run()
#11 D:\Materi Kuliah\Smester 6\Pemrograman framework\koperasi-main\vendor\codeigniter4\framework\system\Boot.php(67): CodeIgniter\Boot::runCodeIgniter(Object(CodeIgniter\CodeIgniter))
#12 D:\Materi Kuliah\Smester 6\Pemrograman framework\koperasi-main\public\index.php(56): CodeIgniter\Boot::bootWeb(Object(Config\Paths))
#13 D:\Materi Kuliah\Smester 6\Pemrograman framework\koperasi-main\vendor\codeigniter4\framework\system\rewrite.php(44): require_once('D:\\Materi Kulia...')
#14 {main}

Next CodeIgniter\Database\Exceptions\DatabaseException: Access denied for user '****'@'localhost' (using password: YES) in D:\Materi Kuliah\Smester 6\Pemrograman framework\koperasi-main\vendor\codeigniter4\framework\system\Database\MySQLi\Connection.php:231
Stack trace:
#0 D:\Materi Kuliah\Smester 6\Pemrograman framework\koperasi-main\vendor\codeigniter4\framework\system\Database\BaseConnection.php(421): CodeIgniter\Database\MySQLi\Connection->connect(false)
#1 D:\Materi Kuliah\Smester 6\Pemrograman framework\koperasi-main\vendor\codeigniter4\framework\system\Database\BaseConnection.php(616): CodeIgniter\Database\BaseConnection->initialize()
#2 D:\Materi Kuliah\Smester 6\Pemrograman framework\koperasi-main\vendor\codeigniter4\framework\system\Database\BaseBuilder.php(1644): CodeIgniter\Database\BaseConnection->query('SELECT *\nFROM `...', Array, false)
#3 D:\Materi Kuliah\Smester 6\Pemrograman framework\koperasi-main\vendor\codeigniter4\framework\system\Model.php(286): CodeIgniter\Database\BaseBuilder->get()
#4 D:\Materi Kuliah\Smester 6\Pemrograman framework\koperasi-main\vendor\codeigniter4\framework\system\BaseModel.php(676): CodeIgniter\Model->doFindAll(0, 0)
#5 D:\Materi Kuliah\Smester 6\Pemrograman framework\koperasi-main\app\Controllers\User.php(20): CodeIgniter\BaseModel->findAll()
#6 D:\Materi Kuliah\Smester 6\Pemrograman framework\koperasi-main\vendor\codeigniter4\framework\system\CodeIgniter.php(933): App\Controllers\User->index()
#7 D:\Materi Kuliah\Smester 6\Pemrograman framework\koperasi-main\vendor\codeigniter4\framework\system\CodeIgniter.php(509): CodeIgniter\CodeIgniter->runController(Object(App\Controllers\User))
#8 D:\Materi Kuliah\Smester 6\Pemrograman framework\koperasi-main\vendor\codeigniter4\framework\system\CodeIgniter.php(355): CodeIgniter\CodeIgniter->handleRequest(NULL, Object(Config\Cache), false)
#9 D:\Materi Kuliah\Smester 6\Pemrograman framework\koperasi-main\vendor\codeigniter4\framework\system\Boot.php(325): CodeIgniter\CodeIgniter->run()
#10 D:\Materi Kuliah\Smester 6\Pemrograman framework\koperasi-main\vendor\codeigniter4\framework\system\Boot.php(67): CodeIgniter\Boot::runCodeIgniter(Object(CodeIgniter\CodeIgniter))
#11 D:\Materi Kuliah\Smester 6\Pemrograman framework\koperasi-main\public\index.php(56): CodeIgniter\Boot::bootWeb(Object(Config\Paths))
#12 D:\Materi Kuliah\Smester 6\Pemrograman framework\koperasi-main\vendor\codeigniter4\framework\system\rewrite.php(44): require_once('D:\\Materi Kulia...')
#13 {main}
CRITICAL - 2024-08-09 23:19:14 --> CodeIgniter\Database\Exceptions\DatabaseException: Unable to connect to the database.
Main connection [MySQLi]: Access denied for user '****'@'localhost' (using password: YES)
[Method: GET, Route: /]
in SYSTEMPATH\Database\BaseConnection.php on line 467.
 1 SYSTEMPATH\Database\BaseConnection.php(616): CodeIgniter\Database\BaseConnection->initialize()
 2 SYSTEMPATH\Database\BaseBuilder.php(1644): CodeIgniter\Database\BaseConnection->query('SELECT *
FROM `mt_users`
WHERE `mt_users`.`deleted_at` IS NULL', [], false)
 3 SYSTEMPATH\Model.php(286): CodeIgniter\Database\BaseBuilder->get()
 4 SYSTEMPATH\BaseModel.php(676): CodeIgniter\Model->doFindAll(0, 0)
 5 APPPATH\Controllers\User.php(20): CodeIgniter\BaseModel->findAll()
 6 SYSTEMPATH\CodeIgniter.php(933): App\Controllers\User->index()
 7 SYSTEMPATH\CodeIgniter.php(509): CodeIgniter\CodeIgniter->runController(Object(App\Controllers\User))
 8 SYSTEMPATH\CodeIgniter.php(355): CodeIgniter\CodeIgniter->handleRequest(null, Object(Config\Cache), false)
 9 SYSTEMPATH\Boot.php(325): CodeIgniter\CodeIgniter->run()
10 SYSTEMPATH\Boot.php(67): CodeIgniter\Boot::runCodeIgniter(Object(CodeIgniter\CodeIgniter))
11 FCPATH\index.php(56): CodeIgniter\Boot::bootWeb(Object(Config\Paths))
12 SYSTEMPATH\rewrite.php(44): require_once('D:\\Materi Kuliah\\Smester 6\\Pemrograman framework\\koperasi-main\\public\\index.php')
ERROR - 2024-08-09 23:19:14 --> Error connecting to the database: mysqli_sql_exception: Access denied for user 'dev'@'localhost' (using password: YES) in D:\Materi Kuliah\Smester 6\Pemrograman framework\koperasi-main\vendor\codeigniter4\framework\system\Database\MySQLi\Connection.php:186
Stack trace:
#0 D:\Materi Kuliah\Smester 6\Pemrograman framework\koperasi-main\vendor\codeigniter4\framework\system\Database\MySQLi\Connection.php(186): mysqli->real_connect('localhost', 'dev', Object(SensitiveParameterValue), 'koperasi', 3306, '', 0)
#1 D:\Materi Kuliah\Smester 6\Pemrograman framework\koperasi-main\vendor\codeigniter4\framework\system\Database\BaseConnection.php(421): CodeIgniter\Database\MySQLi\Connection->connect(false)
#2 D:\Materi Kuliah\Smester 6\Pemrograman framework\koperasi-main\vendor\codeigniter4\framework\system\Database\BaseConnection.php(616): CodeIgniter\Database\BaseConnection->initialize()
#3 D:\Materi Kuliah\Smester 6\Pemrograman framework\koperasi-main\vendor\codeigniter4\framework\system\Database\BaseBuilder.php(1644): CodeIgniter\Database\BaseConnection->query('SELECT *\nFROM `...', Array, false)
#4 D:\Materi Kuliah\Smester 6\Pemrograman framework\koperasi-main\vendor\codeigniter4\framework\system\Model.php(286): CodeIgniter\Database\BaseBuilder->get()
#5 D:\Materi Kuliah\Smester 6\Pemrograman framework\koperasi-main\vendor\codeigniter4\framework\system\BaseModel.php(676): CodeIgniter\Model->doFindAll(0, 0)
#6 D:\Materi Kuliah\Smester 6\Pemrograman framework\koperasi-main\app\Controllers\User.php(20): CodeIgniter\BaseModel->findAll()
#7 D:\Materi Kuliah\Smester 6\Pemrograman framework\koperasi-main\vendor\codeigniter4\framework\system\CodeIgniter.php(933): App\Controllers\User->index()
#8 D:\Materi Kuliah\Smester 6\Pemrograman framework\koperasi-main\vendor\codeigniter4\framework\system\CodeIgniter.php(509): CodeIgniter\CodeIgniter->runController(Object(App\Controllers\User))
#9 D:\Materi Kuliah\Smester 6\Pemrograman framework\koperasi-main\vendor\codeigniter4\framework\system\CodeIgniter.php(355): CodeIgniter\CodeIgniter->handleRequest(NULL, Object(Config\Cache), false)
#10 D:\Materi Kuliah\Smester 6\Pemrograman framework\koperasi-main\vendor\codeigniter4\framework\system\Boot.php(325): CodeIgniter\CodeIgniter->run()
#11 D:\Materi Kuliah\Smester 6\Pemrograman framework\koperasi-main\vendor\codeigniter4\framework\system\Boot.php(67): CodeIgniter\Boot::runCodeIgniter(Object(CodeIgniter\CodeIgniter))
#12 D:\Materi Kuliah\Smester 6\Pemrograman framework\koperasi-main\public\index.php(56): CodeIgniter\Boot::bootWeb(Object(Config\Paths))
#13 D:\Materi Kuliah\Smester 6\Pemrograman framework\koperasi-main\vendor\codeigniter4\framework\system\rewrite.php(44): require_once('D:\\Materi Kulia...')
#14 {main}

Next CodeIgniter\Database\Exceptions\DatabaseException: Access denied for user '****'@'localhost' (using password: YES) in D:\Materi Kuliah\Smester 6\Pemrograman framework\koperasi-main\vendor\codeigniter4\framework\system\Database\MySQLi\Connection.php:231
Stack trace:
#0 D:\Materi Kuliah\Smester 6\Pemrograman framework\koperasi-main\vendor\codeigniter4\framework\system\Database\BaseConnection.php(421): CodeIgniter\Database\MySQLi\Connection->connect(false)
#1 D:\Materi Kuliah\Smester 6\Pemrograman framework\koperasi-main\vendor\codeigniter4\framework\system\Database\BaseConnection.php(616): CodeIgniter\Database\BaseConnection->initialize()
#2 D:\Materi Kuliah\Smester 6\Pemrograman framework\koperasi-main\vendor\codeigniter4\framework\system\Database\BaseBuilder.php(1644): CodeIgniter\Database\BaseConnection->query('SELECT *\nFROM `...', Array, false)
#3 D:\Materi Kuliah\Smester 6\Pemrograman framework\koperasi-main\vendor\codeigniter4\framework\system\Model.php(286): CodeIgniter\Database\BaseBuilder->get()
#4 D:\Materi Kuliah\Smester 6\Pemrograman framework\koperasi-main\vendor\codeigniter4\framework\system\BaseModel.php(676): CodeIgniter\Model->doFindAll(0, 0)
#5 D:\Materi Kuliah\Smester 6\Pemrograman framework\koperasi-main\app\Controllers\User.php(20): CodeIgniter\BaseModel->findAll()
#6 D:\Materi Kuliah\Smester 6\Pemrograman framework\koperasi-main\vendor\codeigniter4\framework\system\CodeIgniter.php(933): App\Controllers\User->index()
#7 D:\Materi Kuliah\Smester 6\Pemrograman framework\koperasi-main\vendor\codeigniter4\framework\system\CodeIgniter.php(509): CodeIgniter\CodeIgniter->runController(Object(App\Controllers\User))
#8 D:\Materi Kuliah\Smester 6\Pemrograman framework\koperasi-main\vendor\codeigniter4\framework\system\CodeIgniter.php(355): CodeIgniter\CodeIgniter->handleRequest(NULL, Object(Config\Cache), false)
#9 D:\Materi Kuliah\Smester 6\Pemrograman framework\koperasi-main\vendor\codeigniter4\framework\system\Boot.php(325): CodeIgniter\CodeIgniter->run()
#10 D:\Materi Kuliah\Smester 6\Pemrograman framework\koperasi-main\vendor\codeigniter4\framework\system\Boot.php(67): CodeIgniter\Boot::runCodeIgniter(Object(CodeIgniter\CodeIgniter))
#11 D:\Materi Kuliah\Smester 6\Pemrograman framework\koperasi-main\public\index.php(56): CodeIgniter\Boot::bootWeb(Object(Config\Paths))
#12 D:\Materi Kuliah\Smester 6\Pemrograman framework\koperasi-main\vendor\codeigniter4\framework\system\rewrite.php(44): require_once('D:\\Materi Kulia...')
#13 {main}
CRITICAL - 2024-08-09 23:19:14 --> CodeIgniter\Database\Exceptions\DatabaseException: Unable to connect to the database.
Main connection [MySQLi]: Access denied for user '****'@'localhost' (using password: YES)
[Method: GET, Route: /]
in SYSTEMPATH\Database\BaseConnection.php on line 467.
 1 SYSTEMPATH\Database\BaseConnection.php(616): CodeIgniter\Database\BaseConnection->initialize()
 2 SYSTEMPATH\Database\BaseBuilder.php(1644): CodeIgniter\Database\BaseConnection->query('SELECT *
FROM `mt_users`
WHERE `mt_users`.`deleted_at` IS NULL', [], false)
 3 SYSTEMPATH\Model.php(286): CodeIgniter\Database\BaseBuilder->get()
 4 SYSTEMPATH\BaseModel.php(676): CodeIgniter\Model->doFindAll(0, 0)
 5 APPPATH\Controllers\User.php(20): CodeIgniter\BaseModel->findAll()
 6 SYSTEMPATH\CodeIgniter.php(933): App\Controllers\User->index()
 7 SYSTEMPATH\CodeIgniter.php(509): CodeIgniter\CodeIgniter->runController(Object(App\Controllers\User))
 8 SYSTEMPATH\CodeIgniter.php(355): CodeIgniter\CodeIgniter->handleRequest(null, Object(Config\Cache), false)
 9 SYSTEMPATH\Boot.php(325): CodeIgniter\CodeIgniter->run()
10 SYSTEMPATH\Boot.php(67): CodeIgniter\Boot::runCodeIgniter(Object(CodeIgniter\CodeIgniter))
11 FCPATH\index.php(56): CodeIgniter\Boot::bootWeb(Object(Config\Paths))
12 SYSTEMPATH\rewrite.php(44): require_once('D:\\Materi Kuliah\\Smester 6\\Pemrograman framework\\koperasi-main\\public\\index.php')
ERROR - 2024-08-09 23:19:15 --> Error connecting to the database: mysqli_sql_exception: Access denied for user 'dev'@'localhost' (using password: YES) in D:\Materi Kuliah\Smester 6\Pemrograman framework\koperasi-main\vendor\codeigniter4\framework\system\Database\MySQLi\Connection.php:186
Stack trace:
#0 D:\Materi Kuliah\Smester 6\Pemrograman framework\koperasi-main\vendor\codeigniter4\framework\system\Database\MySQLi\Connection.php(186): mysqli->real_connect('localhost', 'dev', Object(SensitiveParameterValue), 'koperasi', 3306, '', 0)
#1 D:\Materi Kuliah\Smester 6\Pemrograman framework\koperasi-main\vendor\codeigniter4\framework\system\Database\BaseConnection.php(421): CodeIgniter\Database\MySQLi\Connection->connect(false)
#2 D:\Materi Kuliah\Smester 6\Pemrograman framework\koperasi-main\vendor\codeigniter4\framework\system\Database\BaseConnection.php(616): CodeIgniter\Database\BaseConnection->initialize()
#3 D:\Materi Kuliah\Smester 6\Pemrograman framework\koperasi-main\vendor\codeigniter4\framework\system\Database\BaseBuilder.php(1644): CodeIgniter\Database\BaseConnection->query('SELECT *\nFROM `...', Array, false)
#4 D:\Materi Kuliah\Smester 6\Pemrograman framework\koperasi-main\vendor\codeigniter4\framework\system\Model.php(286): CodeIgniter\Database\BaseBuilder->get()
#5 D:\Materi Kuliah\Smester 6\Pemrograman framework\koperasi-main\vendor\codeigniter4\framework\system\BaseModel.php(676): CodeIgniter\Model->doFindAll(0, 0)
#6 D:\Materi Kuliah\Smester 6\Pemrograman framework\koperasi-main\app\Controllers\User.php(20): CodeIgniter\BaseModel->findAll()
#7 D:\Materi Kuliah\Smester 6\Pemrograman framework\koperasi-main\vendor\codeigniter4\framework\system\CodeIgniter.php(933): App\Controllers\User->index()
#8 D:\Materi Kuliah\Smester 6\Pemrograman framework\koperasi-main\vendor\codeigniter4\framework\system\CodeIgniter.php(509): CodeIgniter\CodeIgniter->runController(Object(App\Controllers\User))
#9 D:\Materi Kuliah\Smester 6\Pemrograman framework\koperasi-main\vendor\codeigniter4\framework\system\CodeIgniter.php(355): CodeIgniter\CodeIgniter->handleRequest(NULL, Object(Config\Cache), false)
#10 D:\Materi Kuliah\Smester 6\Pemrograman framework\koperasi-main\vendor\codeigniter4\framework\system\Boot.php(325): CodeIgniter\CodeIgniter->run()
#11 D:\Materi Kuliah\Smester 6\Pemrograman framework\koperasi-main\vendor\codeigniter4\framework\system\Boot.php(67): CodeIgniter\Boot::runCodeIgniter(Object(CodeIgniter\CodeIgniter))
#12 D:\Materi Kuliah\Smester 6\Pemrograman framework\koperasi-main\public\index.php(56): CodeIgniter\Boot::bootWeb(Object(Config\Paths))
#13 D:\Materi Kuliah\Smester 6\Pemrograman framework\koperasi-main\vendor\codeigniter4\framework\system\rewrite.php(44): require_once('D:\\Materi Kulia...')
#14 {main}

Next CodeIgniter\Database\Exceptions\DatabaseException: Access denied for user '****'@'localhost' (using password: YES) in D:\Materi Kuliah\Smester 6\Pemrograman framework\koperasi-main\vendor\codeigniter4\framework\system\Database\MySQLi\Connection.php:231
Stack trace:
#0 D:\Materi Kuliah\Smester 6\Pemrograman framework\koperasi-main\vendor\codeigniter4\framework\system\Database\BaseConnection.php(421): CodeIgniter\Database\MySQLi\Connection->connect(false)
#1 D:\Materi Kuliah\Smester 6\Pemrograman framework\koperasi-main\vendor\codeigniter4\framework\system\Database\BaseConnection.php(616): CodeIgniter\Database\BaseConnection->initialize()
#2 D:\Materi Kuliah\Smester 6\Pemrograman framework\koperasi-main\vendor\codeigniter4\framework\system\Database\BaseBuilder.php(1644): CodeIgniter\Database\BaseConnection->query('SELECT *\nFROM `...', Array, false)
#3 D:\Materi Kuliah\Smester 6\Pemrograman framework\koperasi-main\vendor\codeigniter4\framework\system\Model.php(286): CodeIgniter\Database\BaseBuilder->get()
#4 D:\Materi Kuliah\Smester 6\Pemrograman framework\koperasi-main\vendor\codeigniter4\framework\system\BaseModel.php(676): CodeIgniter\Model->doFindAll(0, 0)
#5 D:\Materi Kuliah\Smester 6\Pemrograman framework\koperasi-main\app\Controllers\User.php(20): CodeIgniter\BaseModel->findAll()
#6 D:\Materi Kuliah\Smester 6\Pemrograman framework\koperasi-main\vendor\codeigniter4\framework\system\CodeIgniter.php(933): App\Controllers\User->index()
#7 D:\Materi Kuliah\Smester 6\Pemrograman framework\koperasi-main\vendor\codeigniter4\framework\system\CodeIgniter.php(509): CodeIgniter\CodeIgniter->runController(Object(App\Controllers\User))
#8 D:\Materi Kuliah\Smester 6\Pemrograman framework\koperasi-main\vendor\codeigniter4\framework\system\CodeIgniter.php(355): CodeIgniter\CodeIgniter->handleRequest(NULL, Object(Config\Cache), false)
#9 D:\Materi Kuliah\Smester 6\Pemrograman framework\koperasi-main\vendor\codeigniter4\framework\system\Boot.php(325): CodeIgniter\CodeIgniter->run()
#10 D:\Materi Kuliah\Smester 6\Pemrograman framework\koperasi-main\vendor\codeigniter4\framework\system\Boot.php(67): CodeIgniter\Boot::runCodeIgniter(Object(CodeIgniter\CodeIgniter))
#11 D:\Materi Kuliah\Smester 6\Pemrograman framework\koperasi-main\public\index.php(56): CodeIgniter\Boot::bootWeb(Object(Config\Paths))
#12 D:\Materi Kuliah\Smester 6\Pemrograman framework\koperasi-main\vendor\codeigniter4\framework\system\rewrite.php(44): require_once('D:\\Materi Kulia...')
#13 {main}
CRITICAL - 2024-08-09 23:19:15 --> CodeIgniter\Database\Exceptions\DatabaseException: Unable to connect to the database.
Main connection [MySQLi]: Access denied for user '****'@'localhost' (using password: YES)
[Method: GET, Route: /]
in SYSTEMPATH\Database\BaseConnection.php on line 467.
 1 SYSTEMPATH\Database\BaseConnection.php(616): CodeIgniter\Database\BaseConnection->initialize()
 2 SYSTEMPATH\Database\BaseBuilder.php(1644): CodeIgniter\Database\BaseConnection->query('SELECT *
FROM `mt_users`
WHERE `mt_users`.`deleted_at` IS NULL', [], false)
 3 SYSTEMPATH\Model.php(286): CodeIgniter\Database\BaseBuilder->get()
 4 SYSTEMPATH\BaseModel.php(676): CodeIgniter\Model->doFindAll(0, 0)
 5 APPPATH\Controllers\User.php(20): CodeIgniter\BaseModel->findAll()
 6 SYSTEMPATH\CodeIgniter.php(933): App\Controllers\User->index()
 7 SYSTEMPATH\CodeIgniter.php(509): CodeIgniter\CodeIgniter->runController(Object(App\Controllers\User))
 8 SYSTEMPATH\CodeIgniter.php(355): CodeIgniter\CodeIgniter->handleRequest(null, Object(Config\Cache), false)
 9 SYSTEMPATH\Boot.php(325): CodeIgniter\CodeIgniter->run()
10 SYSTEMPATH\Boot.php(67): CodeIgniter\Boot::runCodeIgniter(Object(CodeIgniter\CodeIgniter))
11 FCPATH\index.php(56): CodeIgniter\Boot::bootWeb(Object(Config\Paths))
12 SYSTEMPATH\rewrite.php(44): require_once('D:\\Materi Kuliah\\Smester 6\\Pemrograman framework\\koperasi-main\\public\\index.php')
ERROR - 2024-08-09 23:19:22 --> Error connecting to the database: mysqli_sql_exception: Access denied for user 'dev'@'localhost' (using password: YES) in D:\Materi Kuliah\Smester 6\Pemrograman framework\koperasi-main\vendor\codeigniter4\framework\system\Database\MySQLi\Connection.php:186
Stack trace:
#0 D:\Materi Kuliah\Smester 6\Pemrograman framework\koperasi-main\vendor\codeigniter4\framework\system\Database\MySQLi\Connection.php(186): mysqli->real_connect('localhost', 'dev', Object(SensitiveParameterValue), 'koperasi', 3306, '', 0)
#1 D:\Materi Kuliah\Smester 6\Pemrograman framework\koperasi-main\vendor\codeigniter4\framework\system\Database\BaseConnection.php(421): CodeIgniter\Database\MySQLi\Connection->connect(false)
#2 D:\Materi Kuliah\Smester 6\Pemrograman framework\koperasi-main\vendor\codeigniter4\framework\system\Database\BaseConnection.php(616): CodeIgniter\Database\BaseConnection->initialize()
#3 D:\Materi Kuliah\Smester 6\Pemrograman framework\koperasi-main\vendor\codeigniter4\framework\system\Database\BaseBuilder.php(1644): CodeIgniter\Database\BaseConnection->query('SELECT *\nFROM `...', Array, false)
#4 D:\Materi Kuliah\Smester 6\Pemrograman framework\koperasi-main\vendor\codeigniter4\framework\system\Model.php(286): CodeIgniter\Database\BaseBuilder->get()
#5 D:\Materi Kuliah\Smester 6\Pemrograman framework\koperasi-main\vendor\codeigniter4\framework\system\BaseModel.php(676): CodeIgniter\Model->doFindAll(0, 0)
#6 D:\Materi Kuliah\Smester 6\Pemrograman framework\koperasi-main\app\Controllers\User.php(20): CodeIgniter\BaseModel->findAll()
#7 D:\Materi Kuliah\Smester 6\Pemrograman framework\koperasi-main\vendor\codeigniter4\framework\system\CodeIgniter.php(933): App\Controllers\User->index()
#8 D:\Materi Kuliah\Smester 6\Pemrograman framework\koperasi-main\vendor\codeigniter4\framework\system\CodeIgniter.php(509): CodeIgniter\CodeIgniter->runController(Object(App\Controllers\User))
#9 D:\Materi Kuliah\Smester 6\Pemrograman framework\koperasi-main\vendor\codeigniter4\framework\system\CodeIgniter.php(355): CodeIgniter\CodeIgniter->handleRequest(NULL, Object(Config\Cache), false)
#10 D:\Materi Kuliah\Smester 6\Pemrograman framework\koperasi-main\vendor\codeigniter4\framework\system\Boot.php(325): CodeIgniter\CodeIgniter->run()
#11 D:\Materi Kuliah\Smester 6\Pemrograman framework\koperasi-main\vendor\codeigniter4\framework\system\Boot.php(67): CodeIgniter\Boot::runCodeIgniter(Object(CodeIgniter\CodeIgniter))
#12 D:\Materi Kuliah\Smester 6\Pemrograman framework\koperasi-main\public\index.php(56): CodeIgniter\Boot::bootWeb(Object(Config\Paths))
#13 D:\Materi Kuliah\Smester 6\Pemrograman framework\koperasi-main\vendor\codeigniter4\framework\system\rewrite.php(44): require_once('D:\\Materi Kulia...')
#14 {main}

Next CodeIgniter\Database\Exceptions\DatabaseException: Access denied for user '****'@'localhost' (using password: YES) in D:\Materi Kuliah\Smester 6\Pemrograman framework\koperasi-main\vendor\codeigniter4\framework\system\Database\MySQLi\Connection.php:231
Stack trace:
#0 D:\Materi Kuliah\Smester 6\Pemrograman framework\koperasi-main\vendor\codeigniter4\framework\system\Database\BaseConnection.php(421): CodeIgniter\Database\MySQLi\Connection->connect(false)
#1 D:\Materi Kuliah\Smester 6\Pemrograman framework\koperasi-main\vendor\codeigniter4\framework\system\Database\BaseConnection.php(616): CodeIgniter\Database\BaseConnection->initialize()
#2 D:\Materi Kuliah\Smester 6\Pemrograman framework\koperasi-main\vendor\codeigniter4\framework\system\Database\BaseBuilder.php(1644): CodeIgniter\Database\BaseConnection->query('SELECT *\nFROM `...', Array, false)
#3 D:\Materi Kuliah\Smester 6\Pemrograman framework\koperasi-main\vendor\codeigniter4\framework\system\Model.php(286): CodeIgniter\Database\BaseBuilder->get()
#4 D:\Materi Kuliah\Smester 6\Pemrograman framework\koperasi-main\vendor\codeigniter4\framework\system\BaseModel.php(676): CodeIgniter\Model->doFindAll(0, 0)
#5 D:\Materi Kuliah\Smester 6\Pemrograman framework\koperasi-main\app\Controllers\User.php(20): CodeIgniter\BaseModel->findAll()
#6 D:\Materi Kuliah\Smester 6\Pemrograman framework\koperasi-main\vendor\codeigniter4\framework\system\CodeIgniter.php(933): App\Controllers\User->index()
#7 D:\Materi Kuliah\Smester 6\Pemrograman framework\koperasi-main\vendor\codeigniter4\framework\system\CodeIgniter.php(509): CodeIgniter\CodeIgniter->runController(Object(App\Controllers\User))
#8 D:\Materi Kuliah\Smester 6\Pemrograman framework\koperasi-main\vendor\codeigniter4\framework\system\CodeIgniter.php(355): CodeIgniter\CodeIgniter->handleRequest(NULL, Object(Config\Cache), false)
#9 D:\Materi Kuliah\Smester 6\Pemrograman framework\koperasi-main\vendor\codeigniter4\framework\system\Boot.php(325): CodeIgniter\CodeIgniter->run()
#10 D:\Materi Kuliah\Smester 6\Pemrograman framework\koperasi-main\vendor\codeigniter4\framework\system\Boot.php(67): CodeIgniter\Boot::runCodeIgniter(Object(CodeIgniter\CodeIgniter))
#11 D:\Materi Kuliah\Smester 6\Pemrograman framework\koperasi-main\public\index.php(56): CodeIgniter\Boot::bootWeb(Object(Config\Paths))
#12 D:\Materi Kuliah\Smester 6\Pemrograman framework\koperasi-main\vendor\codeigniter4\framework\system\rewrite.php(44): require_once('D:\\Materi Kulia...')
#13 {main}
CRITICAL - 2024-08-09 23:19:22 --> CodeIgniter\Database\Exceptions\DatabaseException: Unable to connect to the database.
Main connection [MySQLi]: Access denied for user '****'@'localhost' (using password: YES)
[Method: GET, Route: /]
in SYSTEMPATH\Database\BaseConnection.php on line 467.
 1 SYSTEMPATH\Database\BaseConnection.php(616): CodeIgniter\Database\BaseConnection->initialize()
 2 SYSTEMPATH\Database\BaseBuilder.php(1644): CodeIgniter\Database\BaseConnection->query('SELECT *
FROM `mt_users`
WHERE `mt_users`.`deleted_at` IS NULL', [], false)
 3 SYSTEMPATH\Model.php(286): CodeIgniter\Database\BaseBuilder->get()
 4 SYSTEMPATH\BaseModel.php(676): CodeIgniter\Model->doFindAll(0, 0)
 5 APPPATH\Controllers\User.php(20): CodeIgniter\BaseModel->findAll()
 6 SYSTEMPATH\CodeIgniter.php(933): App\Controllers\User->index()
 7 SYSTEMPATH\CodeIgniter.php(509): CodeIgniter\CodeIgniter->runController(Object(App\Controllers\User))
 8 SYSTEMPATH\CodeIgniter.php(355): CodeIgniter\CodeIgniter->handleRequest(null, Object(Config\Cache), false)
 9 SYSTEMPATH\Boot.php(325): CodeIgniter\CodeIgniter->run()
10 SYSTEMPATH\Boot.php(67): CodeIgniter\Boot::runCodeIgniter(Object(CodeIgniter\CodeIgniter))
11 FCPATH\index.php(56): CodeIgniter\Boot::bootWeb(Object(Config\Paths))
12 SYSTEMPATH\rewrite.php(44): require_once('D:\\Materi Kuliah\\Smester 6\\Pemrograman framework\\koperasi-main\\public\\index.php')
ERROR - 2024-08-09 23:19:31 --> Error connecting to the database: mysqli_sql_exception: Access denied for user 'dev'@'localhost' (using password: YES) in D:\Materi Kuliah\Smester 6\Pemrograman framework\koperasi-main\vendor\codeigniter4\framework\system\Database\MySQLi\Connection.php:186
Stack trace:
#0 D:\Materi Kuliah\Smester 6\Pemrograman framework\koperasi-main\vendor\codeigniter4\framework\system\Database\MySQLi\Connection.php(186): mysqli->real_connect('localhost', 'dev', Object(SensitiveParameterValue), 'koperasi', 3306, '', 0)
#1 D:\Materi Kuliah\Smester 6\Pemrograman framework\koperasi-main\vendor\codeigniter4\framework\system\Database\BaseConnection.php(421): CodeIgniter\Database\MySQLi\Connection->connect(false)
#2 D:\Materi Kuliah\Smester 6\Pemrograman framework\koperasi-main\vendor\codeigniter4\framework\system\Database\BaseConnection.php(616): CodeIgniter\Database\BaseConnection->initialize()
#3 D:\Materi Kuliah\Smester 6\Pemrograman framework\koperasi-main\vendor\codeigniter4\framework\system\Database\BaseBuilder.php(1644): CodeIgniter\Database\BaseConnection->query('SELECT *\nFROM `...', Array, false)
#4 D:\Materi Kuliah\Smester 6\Pemrograman framework\koperasi-main\vendor\codeigniter4\framework\system\Model.php(286): CodeIgniter\Database\BaseBuilder->get()
#5 D:\Materi Kuliah\Smester 6\Pemrograman framework\koperasi-main\vendor\codeigniter4\framework\system\BaseModel.php(676): CodeIgniter\Model->doFindAll(0, 0)
#6 D:\Materi Kuliah\Smester 6\Pemrograman framework\koperasi-main\app\Controllers\User.php(20): CodeIgniter\BaseModel->findAll()
#7 D:\Materi Kuliah\Smester 6\Pemrograman framework\koperasi-main\vendor\codeigniter4\framework\system\CodeIgniter.php(933): App\Controllers\User->index()
#8 D:\Materi Kuliah\Smester 6\Pemrograman framework\koperasi-main\vendor\codeigniter4\framework\system\CodeIgniter.php(509): CodeIgniter\CodeIgniter->runController(Object(App\Controllers\User))
#9 D:\Materi Kuliah\Smester 6\Pemrograman framework\koperasi-main\vendor\codeigniter4\framework\system\CodeIgniter.php(355): CodeIgniter\CodeIgniter->handleRequest(NULL, Object(Config\Cache), false)
#10 D:\Materi Kuliah\Smester 6\Pemrograman framework\koperasi-main\vendor\codeigniter4\framework\system\Boot.php(325): CodeIgniter\CodeIgniter->run()
#11 D:\Materi Kuliah\Smester 6\Pemrograman framework\koperasi-main\vendor\codeigniter4\framework\system\Boot.php(67): CodeIgniter\Boot::runCodeIgniter(Object(CodeIgniter\CodeIgniter))
#12 D:\Materi Kuliah\Smester 6\Pemrograman framework\koperasi-main\public\index.php(56): CodeIgniter\Boot::bootWeb(Object(Config\Paths))
#13 D:\Materi Kuliah\Smester 6\Pemrograman framework\koperasi-main\vendor\codeigniter4\framework\system\rewrite.php(44): require_once('D:\\Materi Kulia...')
#14 {main}

Next CodeIgniter\Database\Exceptions\DatabaseException: Access denied for user '****'@'localhost' (using password: YES) in D:\Materi Kuliah\Smester 6\Pemrograman framework\koperasi-main\vendor\codeigniter4\framework\system\Database\MySQLi\Connection.php:231
Stack trace:
#0 D:\Materi Kuliah\Smester 6\Pemrograman framework\koperasi-main\vendor\codeigniter4\framework\system\Database\BaseConnection.php(421): CodeIgniter\Database\MySQLi\Connection->connect(false)
#1 D:\Materi Kuliah\Smester 6\Pemrograman framework\koperasi-main\vendor\codeigniter4\framework\system\Database\BaseConnection.php(616): CodeIgniter\Database\BaseConnection->initialize()
#2 D:\Materi Kuliah\Smester 6\Pemrograman framework\koperasi-main\vendor\codeigniter4\framework\system\Database\BaseBuilder.php(1644): CodeIgniter\Database\BaseConnection->query('SELECT *\nFROM `...', Array, false)
#3 D:\Materi Kuliah\Smester 6\Pemrograman framework\koperasi-main\vendor\codeigniter4\framework\system\Model.php(286): CodeIgniter\Database\BaseBuilder->get()
#4 D:\Materi Kuliah\Smester 6\Pemrograman framework\koperasi-main\vendor\codeigniter4\framework\system\BaseModel.php(676): CodeIgniter\Model->doFindAll(0, 0)
#5 D:\Materi Kuliah\Smester 6\Pemrograman framework\koperasi-main\app\Controllers\User.php(20): CodeIgniter\BaseModel->findAll()
#6 D:\Materi Kuliah\Smester 6\Pemrograman framework\koperasi-main\vendor\codeigniter4\framework\system\CodeIgniter.php(933): App\Controllers\User->index()
#7 D:\Materi Kuliah\Smester 6\Pemrograman framework\koperasi-main\vendor\codeigniter4\framework\system\CodeIgniter.php(509): CodeIgniter\CodeIgniter->runController(Object(App\Controllers\User))
#8 D:\Materi Kuliah\Smester 6\Pemrograman framework\koperasi-main\vendor\codeigniter4\framework\system\CodeIgniter.php(355): CodeIgniter\CodeIgniter->handleRequest(NULL, Object(Config\Cache), false)
#9 D:\Materi Kuliah\Smester 6\Pemrograman framework\koperasi-main\vendor\codeigniter4\framework\system\Boot.php(325): CodeIgniter\CodeIgniter->run()
#10 D:\Materi Kuliah\Smester 6\Pemrograman framework\koperasi-main\vendor\codeigniter4\framework\system\Boot.php(67): CodeIgniter\Boot::runCodeIgniter(Object(CodeIgniter\CodeIgniter))
#11 D:\Materi Kuliah\Smester 6\Pemrograman framework\koperasi-main\public\index.php(56): CodeIgniter\Boot::bootWeb(Object(Config\Paths))
#12 D:\Materi Kuliah\Smester 6\Pemrograman framework\koperasi-main\vendor\codeigniter4\framework\system\rewrite.php(44): require_once('D:\\Materi Kulia...')
#13 {main}
CRITICAL - 2024-08-09 23:19:31 --> CodeIgniter\Database\Exceptions\DatabaseException: Unable to connect to the database.
Main connection [MySQLi]: Access denied for user '****'@'localhost' (using password: YES)
[Method: GET, Route: /]
in SYSTEMPATH\Database\BaseConnection.php on line 467.
 1 SYSTEMPATH\Database\BaseConnection.php(616): CodeIgniter\Database\BaseConnection->initialize()
 2 SYSTEMPATH\Database\BaseBuilder.php(1644): CodeIgniter\Database\BaseConnection->query('SELECT *
FROM `mt_users`
WHERE `mt_users`.`deleted_at` IS NULL', [], false)
 3 SYSTEMPATH\Model.php(286): CodeIgniter\Database\BaseBuilder->get()
 4 SYSTEMPATH\BaseModel.php(676): CodeIgniter\Model->doFindAll(0, 0)
 5 APPPATH\Controllers\User.php(20): CodeIgniter\BaseModel->findAll()
 6 SYSTEMPATH\CodeIgniter.php(933): App\Controllers\User->index()
 7 SYSTEMPATH\CodeIgniter.php(509): CodeIgniter\CodeIgniter->runController(Object(App\Controllers\User))
 8 SYSTEMPATH\CodeIgniter.php(355): CodeIgniter\CodeIgniter->handleRequest(null, Object(Config\Cache), false)
 9 SYSTEMPATH\Boot.php(325): CodeIgniter\CodeIgniter->run()
10 SYSTEMPATH\Boot.php(67): CodeIgniter\Boot::runCodeIgniter(Object(CodeIgniter\CodeIgniter))
11 FCPATH\index.php(56): CodeIgniter\Boot::bootWeb(Object(Config\Paths))
12 SYSTEMPATH\rewrite.php(44): require_once('D:\\Materi Kuliah\\Smester 6\\Pemrograman framework\\koperasi-main\\public\\index.php')
WARNING - 2024-08-09 23:20:59 --> [DEPRECATED] Creation of dynamic property App\Controllers\User::$userModels is deprecated in APPPATH\Controllers\BaseController.php on line 56.
 1 SYSTEMPATH\CodeIgniter.php(904): App\Controllers\BaseController->initController(Object(CodeIgniter\HTTP\IncomingRequest), Object(CodeIgniter\HTTP\Response), Object(CodeIgniter\Log\Logger))
 2 SYSTEMPATH\CodeIgniter.php(500): CodeIgniter\CodeIgniter->createController()
 3 SYSTEMPATH\CodeIgniter.php(355): CodeIgniter\CodeIgniter->handleRequest(null, Object(Config\Cache), false)
 4 SYSTEMPATH\Boot.php(325): CodeIgniter\CodeIgniter->run()
 5 SYSTEMPATH\Boot.php(67): CodeIgniter\Boot::runCodeIgniter(Object(CodeIgniter\CodeIgniter))
 6 FCPATH\index.php(56): CodeIgniter\Boot::bootWeb(Object(Config\Paths))
 7 SYSTEMPATH\rewrite.php(44): require_once('D:\\Materi Kuliah\\Smester 6\\Pemrograman framework\\koperasi-main\\public\\index.php')
WARNING - 2024-08-09 23:20:59 --> [DEPRECATED] Creation of dynamic property App\Controllers\User::$anggotaModels is deprecated in APPPATH\Controllers\BaseController.php on line 57.
 1 SYSTEMPATH\CodeIgniter.php(904): App\Controllers\BaseController->initController(Object(CodeIgniter\HTTP\IncomingRequest), Object(CodeIgniter\HTTP\Response), Object(CodeIgniter\Log\Logger))
 2 SYSTEMPATH\CodeIgniter.php(500): CodeIgniter\CodeIgniter->createController()
 3 SYSTEMPATH\CodeIgniter.php(355): CodeIgniter\CodeIgniter->handleRequest(null, Object(Config\Cache), false)
 4 SYSTEMPATH\Boot.php(325): CodeIgniter\CodeIgniter->run()
 5 SYSTEMPATH\Boot.php(67): CodeIgniter\Boot::runCodeIgniter(Object(CodeIgniter\CodeIgniter))
 6 FCPATH\index.php(56): CodeIgniter\Boot::bootWeb(Object(Config\Paths))
 7 SYSTEMPATH\rewrite.php(44): require_once('D:\\Materi Kuliah\\Smester 6\\Pemrograman framework\\koperasi-main\\public\\index.php')
WARNING - 2024-08-09 23:20:59 --> [DEPRECATED] Creation of dynamic property App\Controllers\User::$pegawaiModels is deprecated in APPPATH\Controllers\BaseController.php on line 58.
 1 SYSTEMPATH\CodeIgniter.php(904): App\Controllers\BaseController->initController(Object(CodeIgniter\HTTP\IncomingRequest), Object(CodeIgniter\HTTP\Response), Object(CodeIgniter\Log\Logger))
 2 SYSTEMPATH\CodeIgniter.php(500): CodeIgniter\CodeIgniter->createController()
 3 SYSTEMPATH\CodeIgniter.php(355): CodeIgniter\CodeIgniter->handleRequest(null, Object(Config\Cache), false)
 4 SYSTEMPATH\Boot.php(325): CodeIgniter\CodeIgniter->run()
 5 SYSTEMPATH\Boot.php(67): CodeIgniter\Boot::runCodeIgniter(Object(CodeIgniter\CodeIgniter))
 6 FCPATH\index.php(56): CodeIgniter\Boot::bootWeb(Object(Config\Paths))
 7 SYSTEMPATH\rewrite.php(44): require_once('D:\\Materi Kuliah\\Smester 6\\Pemrograman framework\\koperasi-main\\public\\index.php')
WARNING - 2024-08-09 23:20:59 --> [DEPRECATED] Creation of dynamic property App\Controllers\User::$simpanModels is deprecated in APPPATH\Controllers\BaseController.php on line 59.
 1 SYSTEMPATH\CodeIgniter.php(904): App\Controllers\BaseController->initController(Object(CodeIgniter\HTTP\IncomingRequest), Object(CodeIgniter\HTTP\Response), Object(CodeIgniter\Log\Logger))
 2 SYSTEMPATH\CodeIgniter.php(500): CodeIgniter\CodeIgniter->createController()
 3 SYSTEMPATH\CodeIgniter.php(355): CodeIgniter\CodeIgniter->handleRequest(null, Object(Config\Cache), false)
 4 SYSTEMPATH\Boot.php(325): CodeIgniter\CodeIgniter->run()
 5 SYSTEMPATH\Boot.php(67): CodeIgniter\Boot::runCodeIgniter(Object(CodeIgniter\CodeIgniter))
 6 FCPATH\index.php(56): CodeIgniter\Boot::bootWeb(Object(Config\Paths))
 7 SYSTEMPATH\rewrite.php(44): require_once('D:\\Materi Kuliah\\Smester 6\\Pemrograman framework\\koperasi-main\\public\\index.php')
WARNING - 2024-08-09 23:20:59 --> [DEPRECATED] Creation of dynamic property App\Controllers\User::$pinjamModels is deprecated in APPPATH\Controllers\BaseController.php on line 60.
 1 SYSTEMPATH\CodeIgniter.php(904): App\Controllers\BaseController->initController(Object(CodeIgniter\HTTP\IncomingRequest), Object(CodeIgniter\HTTP\Response), Object(CodeIgniter\Log\Logger))
 2 SYSTEMPATH\CodeIgniter.php(500): CodeIgniter\CodeIgniter->createController()
 3 SYSTEMPATH\CodeIgniter.php(355): CodeIgniter\CodeIgniter->handleRequest(null, Object(Config\Cache), false)
 4 SYSTEMPATH\Boot.php(325): CodeIgniter\CodeIgniter->run()
 5 SYSTEMPATH\Boot.php(67): CodeIgniter\Boot::runCodeIgniter(Object(CodeIgniter\CodeIgniter))
 6 FCPATH\index.php(56): CodeIgniter\Boot::bootWeb(Object(Config\Paths))
 7 SYSTEMPATH\rewrite.php(44): require_once('D:\\Materi Kuliah\\Smester 6\\Pemrograman framework\\koperasi-main\\public\\index.php')
WARNING - 2024-08-09 23:20:59 --> [DEPRECATED] Creation of dynamic property App\Controllers\User::$angsuranModels is deprecated in APPPATH\Controllers\BaseController.php on line 61.
 1 SYSTEMPATH\CodeIgniter.php(904): App\Controllers\BaseController->initController(Object(CodeIgniter\HTTP\IncomingRequest), Object(CodeIgniter\HTTP\Response), Object(CodeIgniter\Log\Logger))
 2 SYSTEMPATH\CodeIgniter.php(500): CodeIgniter\CodeIgniter->createController()
 3 SYSTEMPATH\CodeIgniter.php(355): CodeIgniter\CodeIgniter->handleRequest(null, Object(Config\Cache), false)
 4 SYSTEMPATH\Boot.php(325): CodeIgniter\CodeIgniter->run()
 5 SYSTEMPATH\Boot.php(67): CodeIgniter\Boot::runCodeIgniter(Object(CodeIgniter\CodeIgniter))
 6 FCPATH\index.php(56): CodeIgniter\Boot::bootWeb(Object(Config\Paths))
 7 SYSTEMPATH\rewrite.php(44): require_once('D:\\Materi Kuliah\\Smester 6\\Pemrograman framework\\koperasi-main\\public\\index.php')
